------------------------------------
--- File created by Amnesia tool ---
------------------------------------


----------------------------------
--- Architecture Configuration ---
----------------------------------

--- Main Memory ---

Memory size: 256 word(s) 
Block size: 1 word(s)/block 
Cycles per access read: 1 unity 
Cycles per access write: 2 unity 
Time cycle: 1 time unity 

--- Virtual Memory ---
Page size: 2 word(s) 
Replacement algorithm: LRU 

---      Disk     ---
Memory size: 4 word(s) 
Cycles per access read: 500 unity 
Cycles per access write: 1000 unity 
Time cycle: 100 time unity 

---       TLB      ---
Memory size: 4 Frame Page(s) 
Cycles per access read: 1 unity 
Cycles per access write: 2 unity 
Time cycle: 1 time unity 
Replacement algorithm: LRU 

-------------------------
---       Trace       ---
-------------------------

2 0
2 1
2 2
2 3
2 4
2 3
2 5
2 6
2 7
2 8
2 0
2 8
2 1
2 9
2 2
2 3
2 a
2 b
2 a
2 1
2 c
2 d
2 3
2 e
2 f
2 d
2 f
2 4
2 5
2 c

------------------------------
---      Execution Log     ---
------------------------------

Location: MAINMEMORY
Action = Stored data in Main Memory  
Block = 0 


Location: MAINMEMORY
Action = Stored data in Main Memory  
Block = 1 


Location: MAINMEMORY
Action = Stored data in Main Memory  
Block = 2 


Location: MAINMEMORY
Action = Stored data in Main Memory  
Block = 3 


Location: MAINMEMORY
Action = Stored data in Main Memory  
Block = 4 


Location: MAINMEMORY
Action = Stored data in Main Memory  
Block = 5 


Location: MAINMEMORY
Action = Stored data in Main Memory  
Block = 6 


Location: MAINMEMORY
Action = Stored data in Main Memory  
Block = 7 


Location: MAINMEMORY
Action = Stored data in Main Memory  
Block = 8 


Location: MAINMEMORY
Action = Stored data in Main Memory  
Block = 9 


Location: MAINMEMORY
Action = Stored data in Main Memory  
Block = 10 


Location: MAINMEMORY
Action = Stored data in Main Memory  
Block = 11 


Location: MAINMEMORY
Action = Stored data in Main Memory  
Block = 12 


Location: MAINMEMORY
Action = Stored data in Main Memory  
Block = 13 


Location: MAINMEMORY
Action = Stored data in Main Memory  
Block = 14 


Location: MAINMEMORY
Action = Stored data in Main Memory  
Block = 15 


Location: MAINMEMORY
Action = Stored data in Main Memory  
Block = 16 


Location: MAINMEMORY
Action = Stored data in Main Memory  
Block = 17 


Location: MAINMEMORY
Action = Stored data in Main Memory  
Block = 18 


Location: MAINMEMORY
Action = Stored data in Main Memory  
Block = 19 


Location: MAINMEMORY
Action = Stored data in Main Memory  
Block = 20 


Location: MAINMEMORY
Action = Stored data in Main Memory  
Block = 21 


Location: MAINMEMORY
Action = Stored data in Main Memory  
Block = 22 


Location: MAINMEMORY
Action = Stored data in Main Memory  
Block = 23 


Location: MAINMEMORY
Action = Stored data in Main Memory  
Block = 24 


Location: MAINMEMORY
Action = Stored data in Main Memory  
Block = 25 


Location: MAINMEMORY
Action = Stored data in Main Memory  
Block = 26 


Location: MAINMEMORY
Action = Stored data in Main Memory  
Block = 27 


Location: MAINMEMORY
Action = Stored data in Main Memory  
Block = 28 


Location: MAINMEMORY
Action = Stored data in Main Memory  
Block = 29 


Location: MAINMEMORY
Action = Stored data in Main Memory  
Block = 30 


Location: MAINMEMORY
Action = Stored data in Main Memory  
Block = 31 


Location: MAINMEMORY
Action = Stored data in Main Memory  
Block = 32 


Location: MAINMEMORY
Action = Stored data in Main Memory  
Block = 33 


Location: MAINMEMORY
Action = Stored data in Main Memory  
Block = 34 


Location: MAINMEMORY
Action = Stored data in Main Memory  
Block = 35 


Location: MAINMEMORY
Action = Stored data in Main Memory  
Block = 36 


Location: MAINMEMORY
Action = Stored data in Main Memory  
Block = 37 


Location: MAINMEMORY
Action = Stored data in Main Memory  
Block = 38 


Location: MAINMEMORY
Action = Stored data in Main Memory  
Block = 39 


Location: MAINMEMORY
Action = Stored data in Main Memory  
Block = 40 


Location: MAINMEMORY
Action = Stored data in Main Memory  
Block = 41 


Location: MAINMEMORY
Action = Stored data in Main Memory  
Block = 42 


Location: MAINMEMORY
Action = Stored data in Main Memory  
Block = 43 


Location: MAINMEMORY
Action = Stored data in Main Memory  
Block = 44 


Location: MAINMEMORY
Action = Stored data in Main Memory  
Block = 45 


Location: MAINMEMORY
Action = Stored data in Main Memory  
Block = 46 


Location: MAINMEMORY
Action = Stored data in Main Memory  
Block = 47 


Location: MAINMEMORY
Action = Stored data in Main Memory  
Block = 48 


Location: MAINMEMORY
Action = Stored data in Main Memory  
Block = 49 


Location: MAINMEMORY
Action = Stored data in Main Memory  
Block = 50 


Location: MAINMEMORY
Action = Stored data in Main Memory  
Block = 51 


Location: MAINMEMORY
Action = Stored data in Main Memory  
Block = 52 


Location: MAINMEMORY
Action = Stored data in Main Memory  
Block = 53 


Location: MAINMEMORY
Action = Stored data in Main Memory  
Block = 54 


Location: MAINMEMORY
Action = Stored data in Main Memory  
Block = 55 


Location: MAINMEMORY
Action = Stored data in Main Memory  
Block = 56 


Location: MAINMEMORY
Action = Stored data in Main Memory  
Block = 57 


Location: MAINMEMORY
Action = Stored data in Main Memory  
Block = 58 


Location: MAINMEMORY
Action = Stored data in Main Memory  
Block = 59 


Location: MAINMEMORY
Action = Stored data in Main Memory  
Block = 60 


Location: MAINMEMORY
Action = Stored data in Main Memory  
Block = 61 


Location: MAINMEMORY
Action = Stored data in Main Memory  
Block = 62 


Location: MAINMEMORY
Action = Stored data in Main Memory  
Block = 63 


Location: MAINMEMORY
Action = Stored data in Main Memory  
Block = 64 


Location: MAINMEMORY
Action = Stored data in Main Memory  
Block = 65 


Location: MAINMEMORY
Action = Stored data in Main Memory  
Block = 66 


Location: MAINMEMORY
Action = Stored data in Main Memory  
Block = 67 


Location: MAINMEMORY
Action = Stored data in Main Memory  
Block = 68 


Location: MAINMEMORY
Action = Stored data in Main Memory  
Block = 69 


Location: MAINMEMORY
Action = Stored data in Main Memory  
Block = 70 


Location: MAINMEMORY
Action = Stored data in Main Memory  
Block = 71 


Location: MAINMEMORY
Action = Stored data in Main Memory  
Block = 72 


Location: MAINMEMORY
Action = Stored data in Main Memory  
Block = 73 


Location: MAINMEMORY
Action = Stored data in Main Memory  
Block = 74 


Location: MAINMEMORY
Action = Stored data in Main Memory  
Block = 75 


Location: MAINMEMORY
Action = Stored data in Main Memory  
Block = 76 


Location: MAINMEMORY
Action = Stored data in Main Memory  
Block = 77 


Location: MAINMEMORY
Action = Stored data in Main Memory  
Block = 78 


Location: MAINMEMORY
Action = Stored data in Main Memory  
Block = 79 


Location: MAINMEMORY
Action = Stored data in Main Memory  
Block = 80 


Location: MAINMEMORY
Action = Stored data in Main Memory  
Block = 81 


Location: MAINMEMORY
Action = Stored data in Main Memory  
Block = 82 


Location: MAINMEMORY
Action = Stored data in Main Memory  
Block = 83 


Location: MAINMEMORY
Action = Stored data in Main Memory  
Block = 84 


Location: MAINMEMORY
Action = Stored data in Main Memory  
Block = 85 


Location: MAINMEMORY
Action = Stored data in Main Memory  
Block = 86 


Location: MAINMEMORY
Action = Stored data in Main Memory  
Block = 87 


Location: MAINMEMORY
Action = Stored data in Main Memory  
Block = 88 


Location: MAINMEMORY
Action = Stored data in Main Memory  
Block = 89 


Location: MAINMEMORY
Action = Stored data in Main Memory  
Block = 90 


Location: MAINMEMORY
Action = Stored data in Main Memory  
Block = 91 


Location: MAINMEMORY
Action = Stored data in Main Memory  
Block = 92 


Location: MAINMEMORY
Action = Stored data in Main Memory  
Block = 93 


Location: MAINMEMORY
Action = Stored data in Main Memory  
Block = 94 


Location: MAINMEMORY
Action = Stored data in Main Memory  
Block = 95 


Location: MAINMEMORY
Action = Stored data in Main Memory  
Block = 96 


Location: MAINMEMORY
Action = Stored data in Main Memory  
Block = 97 


Location: MAINMEMORY
Action = Stored data in Main Memory  
Block = 98 


Location: MAINMEMORY
Action = Stored data in Main Memory  
Block = 99 


Location: MAINMEMORY
Action = Stored data in Main Memory  
Block = 100 


Location: MAINMEMORY
Action = Stored data in Main Memory  
Block = 101 


Location: MAINMEMORY
Action = Stored data in Main Memory  
Block = 102 


Location: MAINMEMORY
Action = Stored data in Main Memory  
Block = 103 


Location: MAINMEMORY
Action = Stored data in Main Memory  
Block = 104 


Location: MAINMEMORY
Action = Stored data in Main Memory  
Block = 105 


Location: MAINMEMORY
Action = Stored data in Main Memory  
Block = 106 


Location: MAINMEMORY
Action = Stored data in Main Memory  
Block = 107 


Location: MAINMEMORY
Action = Stored data in Main Memory  
Block = 108 


Location: MAINMEMORY
Action = Stored data in Main Memory  
Block = 109 


Location: MAINMEMORY
Action = Stored data in Main Memory  
Block = 110 


Location: MAINMEMORY
Action = Stored data in Main Memory  
Block = 111 


Location: MAINMEMORY
Action = Stored data in Main Memory  
Block = 112 


Location: MAINMEMORY
Action = Stored data in Main Memory  
Block = 113 


Location: MAINMEMORY
Action = Stored data in Main Memory  
Block = 114 


Location: MAINMEMORY
Action = Stored data in Main Memory  
Block = 115 


Location: MAINMEMORY
Action = Stored data in Main Memory  
Block = 116 


Location: MAINMEMORY
Action = Stored data in Main Memory  
Block = 117 


Location: MAINMEMORY
Action = Stored data in Main Memory  
Block = 118 


Location: MAINMEMORY
Action = Stored data in Main Memory  
Block = 119 


Location: MAINMEMORY
Action = Stored data in Main Memory  
Block = 120 


Location: MAINMEMORY
Action = Stored data in Main Memory  
Block = 121 


Location: MAINMEMORY
Action = Stored data in Main Memory  
Block = 122 


Location: MAINMEMORY
Action = Stored data in Main Memory  
Block = 123 


Location: MAINMEMORY
Action = Stored data in Main Memory  
Block = 124 


Location: MAINMEMORY
Action = Stored data in Main Memory  
Block = 125 


Location: MAINMEMORY
Action = Stored data in Main Memory  
Block = 126 


Location: MAINMEMORY
Action = Stored data in Main Memory  
Block = 127 


Location: MAINMEMORY
Action = Stored data in Main Memory  
Block = 128 


Location: MAINMEMORY
Action = Stored data in Main Memory  
Block = 129 


Location: MAINMEMORY
Action = Stored data in Main Memory  
Block = 130 


Location: MAINMEMORY
Action = Stored data in Main Memory  
Block = 131 


Location: MAINMEMORY
Action = Stored data in Main Memory  
Block = 132 


Location: MAINMEMORY
Action = Stored data in Main Memory  
Block = 133 


Location: MAINMEMORY
Action = Stored data in Main Memory  
Block = 134 


Location: MAINMEMORY
Action = Stored data in Main Memory  
Block = 135 


Location: MAINMEMORY
Action = Stored data in Main Memory  
Block = 136 


Location: MAINMEMORY
Action = Stored data in Main Memory  
Block = 137 


Location: MAINMEMORY
Action = Stored data in Main Memory  
Block = 138 


Location: MAINMEMORY
Action = Stored data in Main Memory  
Block = 139 


Location: MAINMEMORY
Action = Stored data in Main Memory  
Block = 140 


Location: MAINMEMORY
Action = Stored data in Main Memory  
Block = 141 


Location: MAINMEMORY
Action = Stored data in Main Memory  
Block = 142 


Location: MAINMEMORY
Action = Stored data in Main Memory  
Block = 143 


Location: MAINMEMORY
Action = Stored data in Main Memory  
Block = 144 


Location: MAINMEMORY
Action = Stored data in Main Memory  
Block = 145 


Location: MAINMEMORY
Action = Stored data in Main Memory  
Block = 146 


Location: MAINMEMORY
Action = Stored data in Main Memory  
Block = 147 


Location: MAINMEMORY
Action = Stored data in Main Memory  
Block = 148 


Location: MAINMEMORY
Action = Stored data in Main Memory  
Block = 149 


Location: MAINMEMORY
Action = Stored data in Main Memory  
Block = 150 


Location: MAINMEMORY
Action = Stored data in Main Memory  
Block = 151 


Location: MAINMEMORY
Action = Stored data in Main Memory  
Block = 152 


Location: MAINMEMORY
Action = Stored data in Main Memory  
Block = 153 


Location: MAINMEMORY
Action = Stored data in Main Memory  
Block = 154 


Location: MAINMEMORY
Action = Stored data in Main Memory  
Block = 155 


Location: MAINMEMORY
Action = Stored data in Main Memory  
Block = 156 


Location: MAINMEMORY
Action = Stored data in Main Memory  
Block = 157 


Location: MAINMEMORY
Action = Stored data in Main Memory  
Block = 158 


Location: MAINMEMORY
Action = Stored data in Main Memory  
Block = 159 


Location: MAINMEMORY
Action = Stored data in Main Memory  
Block = 160 


Location: MAINMEMORY
Action = Stored data in Main Memory  
Block = 161 


Location: MAINMEMORY
Action = Stored data in Main Memory  
Block = 162 


Location: MAINMEMORY
Action = Stored data in Main Memory  
Block = 163 


Location: MAINMEMORY
Action = Stored data in Main Memory  
Block = 164 


Location: MAINMEMORY
Action = Stored data in Main Memory  
Block = 165 


Location: MAINMEMORY
Action = Stored data in Main Memory  
Block = 166 


Location: MAINMEMORY
Action = Stored data in Main Memory  
Block = 167 


Location: MAINMEMORY
Action = Stored data in Main Memory  
Block = 168 


Location: MAINMEMORY
Action = Stored data in Main Memory  
Block = 169 


Location: MAINMEMORY
Action = Stored data in Main Memory  
Block = 170 


Location: MAINMEMORY
Action = Stored data in Main Memory  
Block = 171 


Location: MAINMEMORY
Action = Stored data in Main Memory  
Block = 172 


Location: MAINMEMORY
Action = Stored data in Main Memory  
Block = 173 


Location: MAINMEMORY
Action = Stored data in Main Memory  
Block = 174 


Location: MAINMEMORY
Action = Stored data in Main Memory  
Block = 175 


Location: MAINMEMORY
Action = Stored data in Main Memory  
Block = 176 


Location: MAINMEMORY
Action = Stored data in Main Memory  
Block = 177 


Location: MAINMEMORY
Action = Stored data in Main Memory  
Block = 178 


Location: MAINMEMORY
Action = Stored data in Main Memory  
Block = 179 


Location: MAINMEMORY
Action = Stored data in Main Memory  
Block = 180 


Location: MAINMEMORY
Action = Stored data in Main Memory  
Block = 181 


Location: MAINMEMORY
Action = Stored data in Main Memory  
Block = 182 


Location: MAINMEMORY
Action = Stored data in Main Memory  
Block = 183 


Location: MAINMEMORY
Action = Stored data in Main Memory  
Block = 184 


Location: MAINMEMORY
Action = Stored data in Main Memory  
Block = 185 


Location: MAINMEMORY
Action = Stored data in Main Memory  
Block = 186 


Location: MAINMEMORY
Action = Stored data in Main Memory  
Block = 187 


Location: MAINMEMORY
Action = Stored data in Main Memory  
Block = 188 


Location: MAINMEMORY
Action = Stored data in Main Memory  
Block = 189 


Location: MAINMEMORY
Action = Stored data in Main Memory  
Block = 190 


Location: MAINMEMORY
Action = Stored data in Main Memory  
Block = 191 


Location: MAINMEMORY
Action = Stored data in Main Memory  
Block = 192 


Location: MAINMEMORY
Action = Stored data in Main Memory  
Block = 193 


Location: MAINMEMORY
Action = Stored data in Main Memory  
Block = 194 


Location: MAINMEMORY
Action = Stored data in Main Memory  
Block = 195 


Location: MAINMEMORY
Action = Stored data in Main Memory  
Block = 196 


Location: MAINMEMORY
Action = Stored data in Main Memory  
Block = 197 


Location: MAINMEMORY
Action = Stored data in Main Memory  
Block = 198 


Location: MAINMEMORY
Action = Stored data in Main Memory  
Block = 199 


Location: MAINMEMORY
Action = Stored data in Main Memory  
Block = 200 


Location: MAINMEMORY
Action = Stored data in Main Memory  
Block = 201 


Location: MAINMEMORY
Action = Stored data in Main Memory  
Block = 202 


Location: MAINMEMORY
Action = Stored data in Main Memory  
Block = 203 


Location: MAINMEMORY
Action = Stored data in Main Memory  
Block = 204 


Location: MAINMEMORY
Action = Stored data in Main Memory  
Block = 205 


Location: MAINMEMORY
Action = Stored data in Main Memory  
Block = 206 


Location: MAINMEMORY
Action = Stored data in Main Memory  
Block = 207 


Location: MAINMEMORY
Action = Stored data in Main Memory  
Block = 208 


Location: MAINMEMORY
Action = Stored data in Main Memory  
Block = 209 


Location: MAINMEMORY
Action = Stored data in Main Memory  
Block = 210 


Location: MAINMEMORY
Action = Stored data in Main Memory  
Block = 211 


Location: MAINMEMORY
Action = Stored data in Main Memory  
Block = 212 


Location: MAINMEMORY
Action = Stored data in Main Memory  
Block = 213 


Location: MAINMEMORY
Action = Stored data in Main Memory  
Block = 214 


Location: MAINMEMORY
Action = Stored data in Main Memory  
Block = 215 


Location: MAINMEMORY
Action = Stored data in Main Memory  
Block = 216 


Location: MAINMEMORY
Action = Stored data in Main Memory  
Block = 217 


Location: MAINMEMORY
Action = Stored data in Main Memory  
Block = 218 


Location: MAINMEMORY
Action = Stored data in Main Memory  
Block = 219 


Location: MAINMEMORY
Action = Stored data in Main Memory  
Block = 220 


Location: MAINMEMORY
Action = Stored data in Main Memory  
Block = 221 


Location: MAINMEMORY
Action = Stored data in Main Memory  
Block = 222 


Location: MAINMEMORY
Action = Stored data in Main Memory  
Block = 223 


Location: MAINMEMORY
Action = Stored data in Main Memory  
Block = 224 


Location: MAINMEMORY
Action = Stored data in Main Memory  
Block = 225 


Location: MAINMEMORY
Action = Stored data in Main Memory  
Block = 226 


Location: MAINMEMORY
Action = Stored data in Main Memory  
Block = 227 


Location: MAINMEMORY
Action = Stored data in Main Memory  
Block = 228 


Location: MAINMEMORY
Action = Stored data in Main Memory  
Block = 229 


Location: MAINMEMORY
Action = Stored data in Main Memory  
Block = 230 


Location: MAINMEMORY
Action = Stored data in Main Memory  
Block = 231 


Location: MAINMEMORY
Action = Stored data in Main Memory  
Block = 232 


Location: MAINMEMORY
Action = Stored data in Main Memory  
Block = 233 


Location: MAINMEMORY
Action = Stored data in Main Memory  
Block = 234 


Location: MAINMEMORY
Action = Stored data in Main Memory  
Block = 235 


Location: MAINMEMORY
Action = Stored data in Main Memory  
Block = 236 


Location: MAINMEMORY
Action = Stored data in Main Memory  
Block = 237 


Location: MAINMEMORY
Action = Stored data in Main Memory  
Block = 238 


Location: MAINMEMORY
Action = Stored data in Main Memory  
Block = 239 


Location: MAINMEMORY
Action = Stored data in Main Memory  
Block = 240 


Location: MAINMEMORY
Action = Stored data in Main Memory  
Block = 241 


Location: MAINMEMORY
Action = Stored data in Main Memory  
Block = 242 


Location: MAINMEMORY
Action = Stored data in Main Memory  
Block = 243 


Location: MAINMEMORY
Action = Stored data in Main Memory  
Block = 244 


Location: MAINMEMORY
Action = Stored data in Main Memory  
Block = 245 


Location: MAINMEMORY
Action = Stored data in Main Memory  
Block = 246 


Location: MAINMEMORY
Action = Stored data in Main Memory  
Block = 247 


Location: MAINMEMORY
Action = Stored data in Main Memory  
Block = 248 


Location: MAINMEMORY
Action = Stored data in Main Memory  
Block = 249 


Location: MAINMEMORY
Action = Stored data in Main Memory  
Block = 250 


Location: MAINMEMORY
Action = Stored data in Main Memory  
Block = 251 


Location: MAINMEMORY
Action = Stored data in Main Memory  
Block = 252 


Location: MAINMEMORY
Action = Stored data in Main Memory  
Block = 253 


Location: MAINMEMORY
Action = Stored data in Main Memory  
Block = 254 


Location: MAINMEMORY
Action = Stored data in Main Memory  
Block = 255 


Location: DISK
Action = Storing page in Disk 
Address = 0x00000000 - Page 0


----------------------- Step: 001 to 030 || Trace: 2 0 -----------------------

-----------------------    Beginning of translation   -----------------------

Location: TLB
Action = load operation - Access Type = miss
Cache Type = Accessing TLB
|---------------------------------------------------------------------------------------|
|                                |                    |   Word  |     Page    |   Byte  |
|               Tag              |         Set        |  OffSet |    OffSet   |  OffSet |
|---------------------------------------------------------------------------------------|
|   00000000000000000000000000000|                 ---|      ---|            0|      XX |
|---------------------------------------------------------------------------------------|
|                         29 bits|              0 bits|   0 bits|       1 bits|   2 bits|
|---------------------------------------------------------------------------------------|

Location: PAGETABLE
Action = loading data in the Page Table 
Virtual Page = 0x00000000

Location: TRANSLATION
Action = Translation Address  - Using = Page Table
|----------------------------------------------------|     |----------------------------------------------------|
|                  Virtual Address                   |     |                    Real Address                    |
|----------------------------------------------------|     |----------------------------------------------------|
|        Virtual Page          |PageOffSet|ByteOffSet| --> |           Frame Page         |PageOffSet|ByteOffSet|
|------------------------------|----------|----------|     |-----------------------------------------|----------|
| 00000000000000000000000000000|         0|       XX |     | 00000000000000000000000000011|         0|       XX |
|----------------------------------------------------|     |----------------------------------------------------|


Location: TLB
Action = Store Operation - Access Type = miss
Cache Type = TLB
|---------------------------------------------------------------------------------------|
|                                |                    |   Word  |     Page    |   Byte  |
|               Tag              |         Set        |  OffSet |    OffSet   |  OffSet |
|---------------------------------------------------------------------------------------|
|   00000000000000000000000000000|                 ---|      ---|            0|      XX |
|---------------------------------------------------------------------------------------|
|                         29 bits|              0 bits|   0 bits|       1 bits|   2 bits|
|---------------------------------------------------------------------------------------|

-----------------------       End of translation        -----------------------

Location: MAINMEMORY
Action = Loading data from Main Memory  
Block = 6 


----------------------- Step: 002 to 030 || Trace: 2 1 -----------------------

-----------------------    Beginning of translation   -----------------------

Location: TLB
Action = load operation - Access Type = hit
Cache Type = Accessing TLB
|---------------------------------------------------------------------------------------|
|                                |                    |   Word  |     Page    |   Byte  |
|               Tag              |         Set        |  OffSet |    OffSet   |  OffSet |
|---------------------------------------------------------------------------------------|
|   00000000000000000000000000000|                 ---|      ---|            1|      XX |
|---------------------------------------------------------------------------------------|
|                         29 bits|              0 bits|   0 bits|       1 bits|   2 bits|
|---------------------------------------------------------------------------------------|

Location: TRANSLATION
Action = Translation Address  - Using = TLB
|----------------------------------------------------|     |----------------------------------------------------|
|                  Virtual Address                   |     |                    Real Address                    |
|----------------------------------------------------|     |----------------------------------------------------|
|        Virtual Page          |PageOffSet|ByteOffSet| --> |           Frame Page         |PageOffSet|ByteOffSet|
|------------------------------|----------|----------|     |-----------------------------------------|----------|
| 00000000000000000000000000000|         1|       XX |     | 00000000000000000000000000011|         1|       XX |
|----------------------------------------------------|     |----------------------------------------------------|


-----------------------       End of translation        -----------------------

Location: MAINMEMORY
Action = Loading data from Main Memory  
Block = 7 


----------------------- Step: 003 to 030 || Trace: 2 2 -----------------------

-----------------------    Beginning of translation   -----------------------

Location: TLB
Action = load operation - Access Type = miss
Cache Type = Accessing TLB
|---------------------------------------------------------------------------------------|
|                                |                    |   Word  |     Page    |   Byte  |
|               Tag              |         Set        |  OffSet |    OffSet   |  OffSet |
|---------------------------------------------------------------------------------------|
|   00000000000000000000000000001|                 ---|      ---|            0|      XX |
|---------------------------------------------------------------------------------------|
|                         29 bits|              0 bits|   0 bits|       1 bits|   2 bits|
|---------------------------------------------------------------------------------------|

Location: PAGETABLE
Action = loading data in the Page Table 
Virtual Page = 0x00000001

Location: TRANSLATION
Action = Translation Address  - Using = Page Table
|----------------------------------------------------|     |----------------------------------------------------|
|                  Virtual Address                   |     |                    Real Address                    |
|----------------------------------------------------|     |----------------------------------------------------|
|        Virtual Page          |PageOffSet|ByteOffSet| --> |           Frame Page         |PageOffSet|ByteOffSet|
|------------------------------|----------|----------|     |-----------------------------------------|----------|
| 00000000000000000000000000001|         0|       XX |     | 00000000000000000000000000010|         0|       XX |
|----------------------------------------------------|     |----------------------------------------------------|


Location: TLB
Action = Store Operation - Access Type = miss
Cache Type = TLB
|---------------------------------------------------------------------------------------|
|                                |                    |   Word  |     Page    |   Byte  |
|               Tag              |         Set        |  OffSet |    OffSet   |  OffSet |
|---------------------------------------------------------------------------------------|
|   00000000000000000000000000001|                 ---|      ---|            0|      XX |
|---------------------------------------------------------------------------------------|
|                         29 bits|              0 bits|   0 bits|       1 bits|   2 bits|
|---------------------------------------------------------------------------------------|

-----------------------       End of translation        -----------------------

Location: MAINMEMORY
Action = Loading data from Main Memory  
Block = 4 


----------------------- Step: 004 to 030 || Trace: 2 3 -----------------------

-----------------------    Beginning of translation   -----------------------

Location: TLB
Action = load operation - Access Type = hit
Cache Type = Accessing TLB
|---------------------------------------------------------------------------------------|
|                                |                    |   Word  |     Page    |   Byte  |
|               Tag              |         Set        |  OffSet |    OffSet   |  OffSet |
|---------------------------------------------------------------------------------------|
|   00000000000000000000000000001|                 ---|      ---|            1|      XX |
|---------------------------------------------------------------------------------------|
|                         29 bits|              0 bits|   0 bits|       1 bits|   2 bits|
|---------------------------------------------------------------------------------------|

Location: TRANSLATION
Action = Translation Address  - Using = TLB
|----------------------------------------------------|     |----------------------------------------------------|
|                  Virtual Address                   |     |                    Real Address                    |
|----------------------------------------------------|     |----------------------------------------------------|
|        Virtual Page          |PageOffSet|ByteOffSet| --> |           Frame Page         |PageOffSet|ByteOffSet|
|------------------------------|----------|----------|     |-----------------------------------------|----------|
| 00000000000000000000000000001|         1|       XX |     | 00000000000000000000000000010|         1|       XX |
|----------------------------------------------------|     |----------------------------------------------------|


-----------------------       End of translation        -----------------------

Location: MAINMEMORY
Action = Loading data from Main Memory  
Block = 5 


----------------------- Step: 005 to 030 || Trace: 2 4 -----------------------

-----------------------    Beginning of translation   -----------------------

Location: TLB
Action = load operation - Access Type = miss
Cache Type = Accessing TLB
|---------------------------------------------------------------------------------------|
|                                |                    |   Word  |     Page    |   Byte  |
|               Tag              |         Set        |  OffSet |    OffSet   |  OffSet |
|---------------------------------------------------------------------------------------|
|   00000000000000000000000000010|                 ---|      ---|            0|      XX |
|---------------------------------------------------------------------------------------|
|                         29 bits|              0 bits|   0 bits|       1 bits|   2 bits|
|---------------------------------------------------------------------------------------|

Location: PAGETABLE
Action = loading data in the Page Table 
Virtual Page = 0x00000002

Location: TRANSLATION
Action = Translation Address  - Using = Page Table
|----------------------------------------------------|     |----------------------------------------------------|
|                  Virtual Address                   |     |                    Real Address                    |
|----------------------------------------------------|     |----------------------------------------------------|
|        Virtual Page          |PageOffSet|ByteOffSet| --> |           Frame Page         |PageOffSet|ByteOffSet|
|------------------------------|----------|----------|     |-----------------------------------------|----------|
| 00000000000000000000000000010|         0|       XX |     | 00000000000000000000000000101|         0|       XX |
|----------------------------------------------------|     |----------------------------------------------------|


Location: TLB
Action = Store Operation - Access Type = miss
Cache Type = TLB
|---------------------------------------------------------------------------------------|
|                                |                    |   Word  |     Page    |   Byte  |
|               Tag              |         Set        |  OffSet |    OffSet   |  OffSet |
|---------------------------------------------------------------------------------------|
|   00000000000000000000000000010|                 ---|      ---|            0|      XX |
|---------------------------------------------------------------------------------------|
|                         29 bits|              0 bits|   0 bits|       1 bits|   2 bits|
|---------------------------------------------------------------------------------------|

-----------------------       End of translation        -----------------------

Location: MAINMEMORY
Action = Loading data from Main Memory  
Block = 10 


----------------------- Step: 006 to 030 || Trace: 2 3 -----------------------

-----------------------    Beginning of translation   -----------------------

Location: TLB
Action = load operation - Access Type = hit
Cache Type = Accessing TLB
|---------------------------------------------------------------------------------------|
|                                |                    |   Word  |     Page    |   Byte  |
|               Tag              |         Set        |  OffSet |    OffSet   |  OffSet |
|---------------------------------------------------------------------------------------|
|   00000000000000000000000000001|                 ---|      ---|            1|      XX |
|---------------------------------------------------------------------------------------|
|                         29 bits|              0 bits|   0 bits|       1 bits|   2 bits|
|---------------------------------------------------------------------------------------|

Location: TRANSLATION
Action = Translation Address  - Using = TLB
|----------------------------------------------------|     |----------------------------------------------------|
|                  Virtual Address                   |     |                    Real Address                    |
|----------------------------------------------------|     |----------------------------------------------------|
|        Virtual Page          |PageOffSet|ByteOffSet| --> |           Frame Page         |PageOffSet|ByteOffSet|
|------------------------------|----------|----------|     |-----------------------------------------|----------|
| 00000000000000000000000000001|         1|       XX |     | 00000000000000000000000000010|         1|       XX |
|----------------------------------------------------|     |----------------------------------------------------|


-----------------------       End of translation        -----------------------

Location: MAINMEMORY
Action = Loading data from Main Memory  
Block = 5 


----------------------- Step: 007 to 030 || Trace: 2 5 -----------------------

-----------------------    Beginning of translation   -----------------------

Location: TLB
Action = load operation - Access Type = hit
Cache Type = Accessing TLB
|---------------------------------------------------------------------------------------|
|                                |                    |   Word  |     Page    |   Byte  |
|               Tag              |         Set        |  OffSet |    OffSet   |  OffSet |
|---------------------------------------------------------------------------------------|
|   00000000000000000000000000010|                 ---|      ---|            1|      XX |
|---------------------------------------------------------------------------------------|
|                         29 bits|              0 bits|   0 bits|       1 bits|   2 bits|
|---------------------------------------------------------------------------------------|

Location: TRANSLATION
Action = Translation Address  - Using = TLB
|----------------------------------------------------|     |----------------------------------------------------|
|                  Virtual Address                   |     |                    Real Address                    |
|----------------------------------------------------|     |----------------------------------------------------|
|        Virtual Page          |PageOffSet|ByteOffSet| --> |           Frame Page         |PageOffSet|ByteOffSet|
|------------------------------|----------|----------|     |-----------------------------------------|----------|
| 00000000000000000000000000010|         1|       XX |     | 00000000000000000000000000101|         1|       XX |
|----------------------------------------------------|     |----------------------------------------------------|


-----------------------       End of translation        -----------------------

Location: MAINMEMORY
Action = Loading data from Main Memory  
Block = 11 


----------------------- Step: 008 to 030 || Trace: 2 6 -----------------------

-----------------------    Beginning of translation   -----------------------

Location: TLB
Action = load operation - Access Type = miss
Cache Type = Accessing TLB
|---------------------------------------------------------------------------------------|
|                                |                    |   Word  |     Page    |   Byte  |
|               Tag              |         Set        |  OffSet |    OffSet   |  OffSet |
|---------------------------------------------------------------------------------------|
|   00000000000000000000000000011|                 ---|      ---|            0|      XX |
|---------------------------------------------------------------------------------------|
|                         29 bits|              0 bits|   0 bits|       1 bits|   2 bits|
|---------------------------------------------------------------------------------------|

Location: PAGETABLE
Action = loading data in the Page Table 
Virtual Page = 0x00000003

Location: TRANSLATION
Action = Translation Address  - Using = Page Table
|----------------------------------------------------|     |----------------------------------------------------|
|                  Virtual Address                   |     |                    Real Address                    |
|----------------------------------------------------|     |----------------------------------------------------|
|        Virtual Page          |PageOffSet|ByteOffSet| --> |           Frame Page         |PageOffSet|ByteOffSet|
|------------------------------|----------|----------|     |-----------------------------------------|----------|
| 00000000000000000000000000011|         0|       XX |     | 00000000000000000000000000001|         0|       XX |
|----------------------------------------------------|     |----------------------------------------------------|


Location: TLB
Action = Store Operation - Access Type = miss
Cache Type = TLB
|---------------------------------------------------------------------------------------|
|                                |                    |   Word  |     Page    |   Byte  |
|               Tag              |         Set        |  OffSet |    OffSet   |  OffSet |
|---------------------------------------------------------------------------------------|
|   00000000000000000000000000011|                 ---|      ---|            0|      XX |
|---------------------------------------------------------------------------------------|
|                         29 bits|              0 bits|   0 bits|       1 bits|   2 bits|
|---------------------------------------------------------------------------------------|

-----------------------       End of translation        -----------------------

Location: MAINMEMORY
Action = Loading data from Main Memory  
Block = 2 


----------------------- Step: 009 to 030 || Trace: 2 7 -----------------------

-----------------------    Beginning of translation   -----------------------

Location: TLB
Action = load operation - Access Type = hit
Cache Type = Accessing TLB
|---------------------------------------------------------------------------------------|
|                                |                    |   Word  |     Page    |   Byte  |
|               Tag              |         Set        |  OffSet |    OffSet   |  OffSet |
|---------------------------------------------------------------------------------------|
|   00000000000000000000000000011|                 ---|      ---|            1|      XX |
|---------------------------------------------------------------------------------------|
|                         29 bits|              0 bits|   0 bits|       1 bits|   2 bits|
|---------------------------------------------------------------------------------------|

Location: TRANSLATION
Action = Translation Address  - Using = TLB
|----------------------------------------------------|     |----------------------------------------------------|
|                  Virtual Address                   |     |                    Real Address                    |
|----------------------------------------------------|     |----------------------------------------------------|
|        Virtual Page          |PageOffSet|ByteOffSet| --> |           Frame Page         |PageOffSet|ByteOffSet|
|------------------------------|----------|----------|     |-----------------------------------------|----------|
| 00000000000000000000000000011|         1|       XX |     | 00000000000000000000000000001|         1|       XX |
|----------------------------------------------------|     |----------------------------------------------------|


-----------------------       End of translation        -----------------------

Location: MAINMEMORY
Action = Loading data from Main Memory  
Block = 3 


----------------------- Step: 010 to 030 || Trace: 2 8 -----------------------

-----------------------    Beginning of translation   -----------------------

Location: TLB
Action = load operation - Access Type = miss
Cache Type = Accessing TLB
|---------------------------------------------------------------------------------------|
|                                |                    |   Word  |     Page    |   Byte  |
|               Tag              |         Set        |  OffSet |    OffSet   |  OffSet |
|---------------------------------------------------------------------------------------|
|   00000000000000000000000000100|                 ---|      ---|            0|      XX |
|---------------------------------------------------------------------------------------|
|                         29 bits|              0 bits|   0 bits|       1 bits|   2 bits|
|---------------------------------------------------------------------------------------|

Location: PAGETABLE
Action = loading data in the Page Table 
Virtual Page = 0x00000004

Location: TRANSLATION
Action = Translation Address  - Using = Page Table
|----------------------------------------------------|     |----------------------------------------------------|
|                  Virtual Address                   |     |                    Real Address                    |
|----------------------------------------------------|     |----------------------------------------------------|
|        Virtual Page          |PageOffSet|ByteOffSet| --> |           Frame Page         |PageOffSet|ByteOffSet|
|------------------------------|----------|----------|     |-----------------------------------------|----------|
| 00000000000000000000000000100|         0|       XX |     | 00000000000000000000000000110|         0|       XX |
|----------------------------------------------------|     |----------------------------------------------------|


Location: TLB
Action = Store Operation - Access Type = miss
Cache Type = TLB
|---------------------------------------------------------------------------------------|
|                                |                    |   Word  |     Page    |   Byte  |
|               Tag              |         Set        |  OffSet |    OffSet   |  OffSet |
|---------------------------------------------------------------------------------------|
|   00000000000000000000000000100|                 ---|      ---|            0|      XX |
|---------------------------------------------------------------------------------------|
|                         29 bits|              0 bits|   0 bits|       1 bits|   2 bits|
|---------------------------------------------------------------------------------------|

-----------------------       End of translation        -----------------------

Location: MAINMEMORY
Action = Loading data from Main Memory  
Block = 12 


----------------------- Step: 011 to 030 || Trace: 2 0 -----------------------

-----------------------    Beginning of translation   -----------------------

Location: TLB
Action = load operation - Access Type = miss
Cache Type = Accessing TLB
|---------------------------------------------------------------------------------------|
|                                |                    |   Word  |     Page    |   Byte  |
|               Tag              |         Set        |  OffSet |    OffSet   |  OffSet |
|---------------------------------------------------------------------------------------|
|   00000000000000000000000000000|                 ---|      ---|            0|      XX |
|---------------------------------------------------------------------------------------|
|                         29 bits|              0 bits|   0 bits|       1 bits|   2 bits|
|---------------------------------------------------------------------------------------|

Location: PAGETABLE
Action = loading data in the Page Table 
Virtual Page = 0x00000000

Location: TRANSLATION
Action = Translation Address  - Using = Page Table
|----------------------------------------------------|     |----------------------------------------------------|
|                  Virtual Address                   |     |                    Real Address                    |
|----------------------------------------------------|     |----------------------------------------------------|
|        Virtual Page          |PageOffSet|ByteOffSet| --> |           Frame Page         |PageOffSet|ByteOffSet|
|------------------------------|----------|----------|     |-----------------------------------------|----------|
| 00000000000000000000000000000|         0|       XX |     | 00000000000000000000000000011|         0|       XX |
|----------------------------------------------------|     |----------------------------------------------------|


Location: TLB
Action = Store Operation - Access Type = miss
Cache Type = TLB
|---------------------------------------------------------------------------------------|
|                                |                    |   Word  |     Page    |   Byte  |
|               Tag              |         Set        |  OffSet |    OffSet   |  OffSet |
|---------------------------------------------------------------------------------------|
|   00000000000000000000000000000|                 ---|      ---|            0|      XX |
|---------------------------------------------------------------------------------------|
|                         29 bits|              0 bits|   0 bits|       1 bits|   2 bits|
|---------------------------------------------------------------------------------------|

-----------------------       End of translation        -----------------------

Location: MAINMEMORY
Action = Loading data from Main Memory  
Block = 6 


----------------------- Step: 012 to 030 || Trace: 2 8 -----------------------

-----------------------    Beginning of translation   -----------------------

Location: TLB
Action = load operation - Access Type = hit
Cache Type = Accessing TLB
|---------------------------------------------------------------------------------------|
|                                |                    |   Word  |     Page    |   Byte  |
|               Tag              |         Set        |  OffSet |    OffSet   |  OffSet |
|---------------------------------------------------------------------------------------|
|   00000000000000000000000000100|                 ---|      ---|            0|      XX |
|---------------------------------------------------------------------------------------|
|                         29 bits|              0 bits|   0 bits|       1 bits|   2 bits|
|---------------------------------------------------------------------------------------|

Location: TRANSLATION
Action = Translation Address  - Using = TLB
|----------------------------------------------------|     |----------------------------------------------------|
|                  Virtual Address                   |     |                    Real Address                    |
|----------------------------------------------------|     |----------------------------------------------------|
|        Virtual Page          |PageOffSet|ByteOffSet| --> |           Frame Page         |PageOffSet|ByteOffSet|
|------------------------------|----------|----------|     |-----------------------------------------|----------|
| 00000000000000000000000000100|         0|       XX |     | 00000000000000000000000000110|         0|       XX |
|----------------------------------------------------|     |----------------------------------------------------|


-----------------------       End of translation        -----------------------

Location: MAINMEMORY
Action = Loading data from Main Memory  
Block = 12 


----------------------- Step: 013 to 030 || Trace: 2 1 -----------------------

-----------------------    Beginning of translation   -----------------------

Location: TLB
Action = load operation - Access Type = hit
Cache Type = Accessing TLB
|---------------------------------------------------------------------------------------|
|                                |                    |   Word  |     Page    |   Byte  |
|               Tag              |         Set        |  OffSet |    OffSet   |  OffSet |
|---------------------------------------------------------------------------------------|
|   00000000000000000000000000000|                 ---|      ---|            1|      XX |
|---------------------------------------------------------------------------------------|
|                         29 bits|              0 bits|   0 bits|       1 bits|   2 bits|
|---------------------------------------------------------------------------------------|

Location: TRANSLATION
Action = Translation Address  - Using = TLB
|----------------------------------------------------|     |----------------------------------------------------|
|                  Virtual Address                   |     |                    Real Address                    |
|----------------------------------------------------|     |----------------------------------------------------|
|        Virtual Page          |PageOffSet|ByteOffSet| --> |           Frame Page         |PageOffSet|ByteOffSet|
|------------------------------|----------|----------|     |-----------------------------------------|----------|
| 00000000000000000000000000000|         1|       XX |     | 00000000000000000000000000011|         1|       XX |
|----------------------------------------------------|     |----------------------------------------------------|


-----------------------       End of translation        -----------------------

Location: MAINMEMORY
Action = Loading data from Main Memory  
Block = 7 


----------------------- Step: 014 to 030 || Trace: 2 9 -----------------------

-----------------------    Beginning of translation   -----------------------

Location: TLB
Action = load operation - Access Type = hit
Cache Type = Accessing TLB
|---------------------------------------------------------------------------------------|
|                                |                    |   Word  |     Page    |   Byte  |
|               Tag              |         Set        |  OffSet |    OffSet   |  OffSet |
|---------------------------------------------------------------------------------------|
|   00000000000000000000000000100|                 ---|      ---|            1|      XX |
|---------------------------------------------------------------------------------------|
|                         29 bits|              0 bits|   0 bits|       1 bits|   2 bits|
|---------------------------------------------------------------------------------------|

Location: TRANSLATION
Action = Translation Address  - Using = TLB
|----------------------------------------------------|     |----------------------------------------------------|
|                  Virtual Address                   |     |                    Real Address                    |
|----------------------------------------------------|     |----------------------------------------------------|
|        Virtual Page          |PageOffSet|ByteOffSet| --> |           Frame Page         |PageOffSet|ByteOffSet|
|------------------------------|----------|----------|     |-----------------------------------------|----------|
| 00000000000000000000000000100|         1|       XX |     | 00000000000000000000000000110|         1|       XX |
|----------------------------------------------------|     |----------------------------------------------------|


-----------------------       End of translation        -----------------------

Location: MAINMEMORY
Action = Loading data from Main Memory  
Block = 13 


----------------------- Step: 015 to 030 || Trace: 2 2 -----------------------

-----------------------    Beginning of translation   -----------------------

Location: TLB
Action = load operation - Access Type = miss
Cache Type = Accessing TLB
|---------------------------------------------------------------------------------------|
|                                |                    |   Word  |     Page    |   Byte  |
|               Tag              |         Set        |  OffSet |    OffSet   |  OffSet |
|---------------------------------------------------------------------------------------|
|   00000000000000000000000000001|                 ---|      ---|            0|      XX |
|---------------------------------------------------------------------------------------|
|                         29 bits|              0 bits|   0 bits|       1 bits|   2 bits|
|---------------------------------------------------------------------------------------|

Location: PAGETABLE
Action = loading data in the Page Table 
Virtual Page = 0x00000001

Location: TRANSLATION
Action = Translation Address  - Using = Page Table
|----------------------------------------------------|     |----------------------------------------------------|
|                  Virtual Address                   |     |                    Real Address                    |
|----------------------------------------------------|     |----------------------------------------------------|
|        Virtual Page          |PageOffSet|ByteOffSet| --> |           Frame Page         |PageOffSet|ByteOffSet|
|------------------------------|----------|----------|     |-----------------------------------------|----------|
| 00000000000000000000000000001|         0|       XX |     | 00000000000000000000000000010|         0|       XX |
|----------------------------------------------------|     |----------------------------------------------------|


Location: TLB
Action = Store Operation - Access Type = miss
Cache Type = TLB
|---------------------------------------------------------------------------------------|
|                                |                    |   Word  |     Page    |   Byte  |
|               Tag              |         Set        |  OffSet |    OffSet   |  OffSet |
|---------------------------------------------------------------------------------------|
|   00000000000000000000000000001|                 ---|      ---|            0|      XX |
|---------------------------------------------------------------------------------------|
|                         29 bits|              0 bits|   0 bits|       1 bits|   2 bits|
|---------------------------------------------------------------------------------------|

-----------------------       End of translation        -----------------------

Location: MAINMEMORY
Action = Loading data from Main Memory  
Block = 4 


----------------------- Step: 016 to 030 || Trace: 2 3 -----------------------

-----------------------    Beginning of translation   -----------------------

Location: TLB
Action = load operation - Access Type = hit
Cache Type = Accessing TLB
|---------------------------------------------------------------------------------------|
|                                |                    |   Word  |     Page    |   Byte  |
|               Tag              |         Set        |  OffSet |    OffSet   |  OffSet |
|---------------------------------------------------------------------------------------|
|   00000000000000000000000000001|                 ---|      ---|            1|      XX |
|---------------------------------------------------------------------------------------|
|                         29 bits|              0 bits|   0 bits|       1 bits|   2 bits|
|---------------------------------------------------------------------------------------|

Location: TRANSLATION
Action = Translation Address  - Using = TLB
|----------------------------------------------------|     |----------------------------------------------------|
|                  Virtual Address                   |     |                    Real Address                    |
|----------------------------------------------------|     |----------------------------------------------------|
|        Virtual Page          |PageOffSet|ByteOffSet| --> |           Frame Page         |PageOffSet|ByteOffSet|
|------------------------------|----------|----------|     |-----------------------------------------|----------|
| 00000000000000000000000000001|         1|       XX |     | 00000000000000000000000000010|         1|       XX |
|----------------------------------------------------|     |----------------------------------------------------|


-----------------------       End of translation        -----------------------

Location: MAINMEMORY
Action = Loading data from Main Memory  
Block = 5 


----------------------- Step: 017 to 030 || Trace: 2 a -----------------------

-----------------------    Beginning of translation   -----------------------

Location: TLB
Action = load operation - Access Type = miss
Cache Type = Accessing TLB
|---------------------------------------------------------------------------------------|
|                                |                    |   Word  |     Page    |   Byte  |
|               Tag              |         Set        |  OffSet |    OffSet   |  OffSet |
|---------------------------------------------------------------------------------------|
|   00000000000000000000000000101|                 ---|      ---|            0|      XX |
|---------------------------------------------------------------------------------------|
|                         29 bits|              0 bits|   0 bits|       1 bits|   2 bits|
|---------------------------------------------------------------------------------------|

Location: PAGETABLE
Action = loading data in the Page Table 
Virtual Page = 0x00000005

Location: TRANSLATION
Action = Translation Address  - Using = Page Table
|----------------------------------------------------|     |----------------------------------------------------|
|                  Virtual Address                   |     |                    Real Address                    |
|----------------------------------------------------|     |----------------------------------------------------|
|        Virtual Page          |PageOffSet|ByteOffSet| --> |           Frame Page         |PageOffSet|ByteOffSet|
|------------------------------|----------|----------|     |-----------------------------------------|----------|
| 00000000000000000000000000101|         0|       XX |     | 00000000000000000000000000000|         0|       XX |
|----------------------------------------------------|     |----------------------------------------------------|


Location: TLB
Action = Store Operation - Access Type = miss
Cache Type = TLB
|---------------------------------------------------------------------------------------|
|                                |                    |   Word  |     Page    |   Byte  |
|               Tag              |         Set        |  OffSet |    OffSet   |  OffSet |
|---------------------------------------------------------------------------------------|
|   00000000000000000000000000101|                 ---|      ---|            0|      XX |
|---------------------------------------------------------------------------------------|
|                         29 bits|              0 bits|   0 bits|       1 bits|   2 bits|
|---------------------------------------------------------------------------------------|

-----------------------       End of translation        -----------------------

Location: MAINMEMORY
Action = Loading data from Main Memory  
Block = 0 


----------------------- Step: 018 to 030 || Trace: 2 b -----------------------

-----------------------    Beginning of translation   -----------------------

Location: TLB
Action = load operation - Access Type = hit
Cache Type = Accessing TLB
|---------------------------------------------------------------------------------------|
|                                |                    |   Word  |     Page    |   Byte  |
|               Tag              |         Set        |  OffSet |    OffSet   |  OffSet |
|---------------------------------------------------------------------------------------|
|   00000000000000000000000000101|                 ---|      ---|            1|      XX |
|---------------------------------------------------------------------------------------|
|                         29 bits|              0 bits|   0 bits|       1 bits|   2 bits|
|---------------------------------------------------------------------------------------|

Location: TRANSLATION
Action = Translation Address  - Using = TLB
|----------------------------------------------------|     |----------------------------------------------------|
|                  Virtual Address                   |     |                    Real Address                    |
|----------------------------------------------------|     |----------------------------------------------------|
|        Virtual Page          |PageOffSet|ByteOffSet| --> |           Frame Page         |PageOffSet|ByteOffSet|
|------------------------------|----------|----------|     |-----------------------------------------|----------|
| 00000000000000000000000000101|         1|       XX |     | 00000000000000000000000000000|         1|       XX |
|----------------------------------------------------|     |----------------------------------------------------|


-----------------------       End of translation        -----------------------

Location: MAINMEMORY
Action = Loading data from Main Memory  
Block = 1 


----------------------- Step: 019 to 030 || Trace: 2 a -----------------------

-----------------------    Beginning of translation   -----------------------

Location: TLB
Action = load operation - Access Type = hit
Cache Type = Accessing TLB
|---------------------------------------------------------------------------------------|
|                                |                    |   Word  |     Page    |   Byte  |
|               Tag              |         Set        |  OffSet |    OffSet   |  OffSet |
|---------------------------------------------------------------------------------------|
|   00000000000000000000000000101|                 ---|      ---|            0|      XX |
|---------------------------------------------------------------------------------------|
|                         29 bits|              0 bits|   0 bits|       1 bits|   2 bits|
|---------------------------------------------------------------------------------------|

Location: TRANSLATION
Action = Translation Address  - Using = TLB
|----------------------------------------------------|     |----------------------------------------------------|
|                  Virtual Address                   |     |                    Real Address                    |
|----------------------------------------------------|     |----------------------------------------------------|
|        Virtual Page          |PageOffSet|ByteOffSet| --> |           Frame Page         |PageOffSet|ByteOffSet|
|------------------------------|----------|----------|     |-----------------------------------------|----------|
| 00000000000000000000000000101|         0|       XX |     | 00000000000000000000000000000|         0|       XX |
|----------------------------------------------------|     |----------------------------------------------------|


-----------------------       End of translation        -----------------------

Location: MAINMEMORY
Action = Loading data from Main Memory  
Block = 0 


----------------------- Step: 020 to 030 || Trace: 2 1 -----------------------

-----------------------    Beginning of translation   -----------------------

Location: TLB
Action = load operation - Access Type = hit
Cache Type = Accessing TLB
|---------------------------------------------------------------------------------------|
|                                |                    |   Word  |     Page    |   Byte  |
|               Tag              |         Set        |  OffSet |    OffSet   |  OffSet |
|---------------------------------------------------------------------------------------|
|   00000000000000000000000000000|                 ---|      ---|            1|      XX |
|---------------------------------------------------------------------------------------|
|                         29 bits|              0 bits|   0 bits|       1 bits|   2 bits|
|---------------------------------------------------------------------------------------|

Location: TRANSLATION
Action = Translation Address  - Using = TLB
|----------------------------------------------------|     |----------------------------------------------------|
|                  Virtual Address                   |     |                    Real Address                    |
|----------------------------------------------------|     |----------------------------------------------------|
|        Virtual Page          |PageOffSet|ByteOffSet| --> |           Frame Page         |PageOffSet|ByteOffSet|
|------------------------------|----------|----------|     |-----------------------------------------|----------|
| 00000000000000000000000000000|         1|       XX |     | 00000000000000000000000000011|         1|       XX |
|----------------------------------------------------|     |----------------------------------------------------|


-----------------------       End of translation        -----------------------

Location: MAINMEMORY
Action = Loading data from Main Memory  
Block = 7 


----------------------- Step: 021 to 030 || Trace: 2 c -----------------------

-----------------------    Beginning of translation   -----------------------

Location: TLB
Action = load operation - Access Type = miss
Cache Type = Accessing TLB
|---------------------------------------------------------------------------------------|
|                                |                    |   Word  |     Page    |   Byte  |
|               Tag              |         Set        |  OffSet |    OffSet   |  OffSet |
|---------------------------------------------------------------------------------------|
|   00000000000000000000000000110|                 ---|      ---|            0|      XX |
|---------------------------------------------------------------------------------------|
|                         29 bits|              0 bits|   0 bits|       1 bits|   2 bits|
|---------------------------------------------------------------------------------------|

Location: PAGETABLE
Action = loading data in the Page Table 
Virtual Page = 0x00000006

Location: TRANSLATION
Action = Translation Address  - Using = Page Table
|----------------------------------------------------|     |----------------------------------------------------|
|                  Virtual Address                   |     |                    Real Address                    |
|----------------------------------------------------|     |----------------------------------------------------|
|        Virtual Page          |PageOffSet|ByteOffSet| --> |           Frame Page         |PageOffSet|ByteOffSet|
|------------------------------|----------|----------|     |-----------------------------------------|----------|
| 00000000000000000000000000110|         0|       XX |     | 00000000000000000000000000111|         0|       XX |
|----------------------------------------------------|     |----------------------------------------------------|


Location: TLB
Action = Store Operation - Access Type = miss
Cache Type = TLB
|---------------------------------------------------------------------------------------|
|                                |                    |   Word  |     Page    |   Byte  |
|               Tag              |         Set        |  OffSet |    OffSet   |  OffSet |
|---------------------------------------------------------------------------------------|
|   00000000000000000000000000110|                 ---|      ---|            0|      XX |
|---------------------------------------------------------------------------------------|
|                         29 bits|              0 bits|   0 bits|       1 bits|   2 bits|
|---------------------------------------------------------------------------------------|

-----------------------       End of translation        -----------------------

Location: MAINMEMORY
Action = Loading data from Main Memory  
Block = 14 


----------------------- Step: 022 to 030 || Trace: 2 d -----------------------

-----------------------    Beginning of translation   -----------------------

Location: TLB
Action = load operation - Access Type = hit
Cache Type = Accessing TLB
|---------------------------------------------------------------------------------------|
|                                |                    |   Word  |     Page    |   Byte  |
|               Tag              |         Set        |  OffSet |    OffSet   |  OffSet |
|---------------------------------------------------------------------------------------|
|   00000000000000000000000000110|                 ---|      ---|            1|      XX |
|---------------------------------------------------------------------------------------|
|                         29 bits|              0 bits|   0 bits|       1 bits|   2 bits|
|---------------------------------------------------------------------------------------|

Location: TRANSLATION
Action = Translation Address  - Using = TLB
|----------------------------------------------------|     |----------------------------------------------------|
|                  Virtual Address                   |     |                    Real Address                    |
|----------------------------------------------------|     |----------------------------------------------------|
|        Virtual Page          |PageOffSet|ByteOffSet| --> |           Frame Page         |PageOffSet|ByteOffSet|
|------------------------------|----------|----------|     |-----------------------------------------|----------|
| 00000000000000000000000000110|         1|       XX |     | 00000000000000000000000000111|         1|       XX |
|----------------------------------------------------|     |----------------------------------------------------|


-----------------------       End of translation        -----------------------

Location: MAINMEMORY
Action = Loading data from Main Memory  
Block = 15 


----------------------- Step: 023 to 030 || Trace: 2 3 -----------------------

-----------------------    Beginning of translation   -----------------------

Location: TLB
Action = load operation - Access Type = hit
Cache Type = Accessing TLB
|---------------------------------------------------------------------------------------|
|                                |                    |   Word  |     Page    |   Byte  |
|               Tag              |         Set        |  OffSet |    OffSet   |  OffSet |
|---------------------------------------------------------------------------------------|
|   00000000000000000000000000001|                 ---|      ---|            1|      XX |
|---------------------------------------------------------------------------------------|
|                         29 bits|              0 bits|   0 bits|       1 bits|   2 bits|
|---------------------------------------------------------------------------------------|

Location: TRANSLATION
Action = Translation Address  - Using = TLB
|----------------------------------------------------|     |----------------------------------------------------|
|                  Virtual Address                   |     |                    Real Address                    |
|----------------------------------------------------|     |----------------------------------------------------|
|        Virtual Page          |PageOffSet|ByteOffSet| --> |           Frame Page         |PageOffSet|ByteOffSet|
|------------------------------|----------|----------|     |-----------------------------------------|----------|
| 00000000000000000000000000001|         1|       XX |     | 00000000000000000000000000010|         1|       XX |
|----------------------------------------------------|     |----------------------------------------------------|


-----------------------       End of translation        -----------------------

Location: MAINMEMORY
Action = Loading data from Main Memory  
Block = 5 


----------------------- Step: 024 to 030 || Trace: 2 e -----------------------

-----------------------    Beginning of translation   -----------------------

Location: TLB
Action = load operation - Access Type = miss
Cache Type = Accessing TLB
|---------------------------------------------------------------------------------------|
|                                |                    |   Word  |     Page    |   Byte  |
|               Tag              |         Set        |  OffSet |    OffSet   |  OffSet |
|---------------------------------------------------------------------------------------|
|   00000000000000000000000000111|                 ---|      ---|            0|      XX |
|---------------------------------------------------------------------------------------|
|                         29 bits|              0 bits|   0 bits|       1 bits|   2 bits|
|---------------------------------------------------------------------------------------|

Location: PAGETABLE
Action = loading data in the Page Table 
Virtual Page = 0x00000007

Location: TRANSLATION
Action = Translation Address  - Using = Page Table
|----------------------------------------------------|     |----------------------------------------------------|
|                  Virtual Address                   |     |                    Real Address                    |
|----------------------------------------------------|     |----------------------------------------------------|
|        Virtual Page          |PageOffSet|ByteOffSet| --> |           Frame Page         |PageOffSet|ByteOffSet|
|------------------------------|----------|----------|     |-----------------------------------------|----------|
| 00000000000000000000000000111|         0|       XX |     | 00000000000000000000000000100|         0|       XX |
|----------------------------------------------------|     |----------------------------------------------------|


Location: TLB
Action = Store Operation - Access Type = miss
Cache Type = TLB
|---------------------------------------------------------------------------------------|
|                                |                    |   Word  |     Page    |   Byte  |
|               Tag              |         Set        |  OffSet |    OffSet   |  OffSet |
|---------------------------------------------------------------------------------------|
|   00000000000000000000000000111|                 ---|      ---|            0|      XX |
|---------------------------------------------------------------------------------------|
|                         29 bits|              0 bits|   0 bits|       1 bits|   2 bits|
|---------------------------------------------------------------------------------------|

-----------------------       End of translation        -----------------------

Location: MAINMEMORY
Action = Loading data from Main Memory  
Block = 8 


----------------------- Step: 025 to 030 || Trace: 2 f -----------------------

-----------------------    Beginning of translation   -----------------------

Location: TLB
Action = load operation - Access Type = hit
Cache Type = Accessing TLB
|---------------------------------------------------------------------------------------|
|                                |                    |   Word  |     Page    |   Byte  |
|               Tag              |         Set        |  OffSet |    OffSet   |  OffSet |
|---------------------------------------------------------------------------------------|
|   00000000000000000000000000111|                 ---|      ---|            1|      XX |
|---------------------------------------------------------------------------------------|
|                         29 bits|              0 bits|   0 bits|       1 bits|   2 bits|
|---------------------------------------------------------------------------------------|

Location: TRANSLATION
Action = Translation Address  - Using = TLB
|----------------------------------------------------|     |----------------------------------------------------|
|                  Virtual Address                   |     |                    Real Address                    |
|----------------------------------------------------|     |----------------------------------------------------|
|        Virtual Page          |PageOffSet|ByteOffSet| --> |           Frame Page         |PageOffSet|ByteOffSet|
|------------------------------|----------|----------|     |-----------------------------------------|----------|
| 00000000000000000000000000111|         1|       XX |     | 00000000000000000000000000100|         1|       XX |
|----------------------------------------------------|     |----------------------------------------------------|


-----------------------       End of translation        -----------------------

Location: MAINMEMORY
Action = Loading data from Main Memory  
Block = 9 


----------------------- Step: 026 to 030 || Trace: 2 d -----------------------

-----------------------    Beginning of translation   -----------------------

Location: TLB
Action = load operation - Access Type = hit
Cache Type = Accessing TLB
|---------------------------------------------------------------------------------------|
|                                |                    |   Word  |     Page    |   Byte  |
|               Tag              |         Set        |  OffSet |    OffSet   |  OffSet |
|---------------------------------------------------------------------------------------|
|   00000000000000000000000000110|                 ---|      ---|            1|      XX |
|---------------------------------------------------------------------------------------|
|                         29 bits|              0 bits|   0 bits|       1 bits|   2 bits|
|---------------------------------------------------------------------------------------|

Location: TRANSLATION
Action = Translation Address  - Using = TLB
|----------------------------------------------------|     |----------------------------------------------------|
|                  Virtual Address                   |     |                    Real Address                    |
|----------------------------------------------------|     |----------------------------------------------------|
|        Virtual Page          |PageOffSet|ByteOffSet| --> |           Frame Page         |PageOffSet|ByteOffSet|
|------------------------------|----------|----------|     |-----------------------------------------|----------|
| 00000000000000000000000000110|         1|       XX |     | 00000000000000000000000000111|         1|       XX |
|----------------------------------------------------|     |----------------------------------------------------|


-----------------------       End of translation        -----------------------

Location: MAINMEMORY
Action = Loading data from Main Memory  
Block = 15 


----------------------- Step: 027 to 030 || Trace: 2 f -----------------------

-----------------------    Beginning of translation   -----------------------

Location: TLB
Action = load operation - Access Type = hit
Cache Type = Accessing TLB
|---------------------------------------------------------------------------------------|
|                                |                    |   Word  |     Page    |   Byte  |
|               Tag              |         Set        |  OffSet |    OffSet   |  OffSet |
|---------------------------------------------------------------------------------------|
|   00000000000000000000000000111|                 ---|      ---|            1|      XX |
|---------------------------------------------------------------------------------------|
|                         29 bits|              0 bits|   0 bits|       1 bits|   2 bits|
|---------------------------------------------------------------------------------------|

Location: TRANSLATION
Action = Translation Address  - Using = TLB
|----------------------------------------------------|     |----------------------------------------------------|
|                  Virtual Address                   |     |                    Real Address                    |
|----------------------------------------------------|     |----------------------------------------------------|
|        Virtual Page          |PageOffSet|ByteOffSet| --> |           Frame Page         |PageOffSet|ByteOffSet|
|------------------------------|----------|----------|     |-----------------------------------------|----------|
| 00000000000000000000000000111|         1|       XX |     | 00000000000000000000000000100|         1|       XX |
|----------------------------------------------------|     |----------------------------------------------------|


-----------------------       End of translation        -----------------------

Location: MAINMEMORY
Action = Loading data from Main Memory  
Block = 9 


----------------------- Step: 028 to 030 || Trace: 2 4 -----------------------

-----------------------    Beginning of translation   -----------------------

Location: TLB
Action = load operation - Access Type = miss
Cache Type = Accessing TLB
|---------------------------------------------------------------------------------------|
|                                |                    |   Word  |     Page    |   Byte  |
|               Tag              |         Set        |  OffSet |    OffSet   |  OffSet |
|---------------------------------------------------------------------------------------|
|   00000000000000000000000000010|                 ---|      ---|            0|      XX |
|---------------------------------------------------------------------------------------|
|                         29 bits|              0 bits|   0 bits|       1 bits|   2 bits|
|---------------------------------------------------------------------------------------|

Location: PAGETABLE
Action = loading data in the Page Table 
Virtual Page = 0x00000002

Location: TRANSLATION
Action = Translation Address  - Using = Page Table
|----------------------------------------------------|     |----------------------------------------------------|
|                  Virtual Address                   |     |                    Real Address                    |
|----------------------------------------------------|     |----------------------------------------------------|
|        Virtual Page          |PageOffSet|ByteOffSet| --> |           Frame Page         |PageOffSet|ByteOffSet|
|------------------------------|----------|----------|     |-----------------------------------------|----------|
| 00000000000000000000000000010|         0|       XX |     | 00000000000000000000000000101|         0|       XX |
|----------------------------------------------------|     |----------------------------------------------------|


Location: TLB
Action = Store Operation - Access Type = miss
Cache Type = TLB
|---------------------------------------------------------------------------------------|
|                                |                    |   Word  |     Page    |   Byte  |
|               Tag              |         Set        |  OffSet |    OffSet   |  OffSet |
|---------------------------------------------------------------------------------------|
|   00000000000000000000000000010|                 ---|      ---|            0|      XX |
|---------------------------------------------------------------------------------------|
|                         29 bits|              0 bits|   0 bits|       1 bits|   2 bits|
|---------------------------------------------------------------------------------------|

-----------------------       End of translation        -----------------------

Location: MAINMEMORY
Action = Loading data from Main Memory  
Block = 10 


----------------------- Step: 029 to 030 || Trace: 2 5 -----------------------

-----------------------    Beginning of translation   -----------------------

Location: TLB
Action = load operation - Access Type = hit
Cache Type = Accessing TLB
|---------------------------------------------------------------------------------------|
|                                |                    |   Word  |     Page    |   Byte  |
|               Tag              |         Set        |  OffSet |    OffSet   |  OffSet |
|---------------------------------------------------------------------------------------|
|   00000000000000000000000000010|                 ---|      ---|            1|      XX |
|---------------------------------------------------------------------------------------|
|                         29 bits|              0 bits|   0 bits|       1 bits|   2 bits|
|---------------------------------------------------------------------------------------|

Location: TRANSLATION
Action = Translation Address  - Using = TLB
|----------------------------------------------------|     |----------------------------------------------------|
|                  Virtual Address                   |     |                    Real Address                    |
|----------------------------------------------------|     |----------------------------------------------------|
|        Virtual Page          |PageOffSet|ByteOffSet| --> |           Frame Page         |PageOffSet|ByteOffSet|
|------------------------------|----------|----------|     |-----------------------------------------|----------|
| 00000000000000000000000000010|         1|       XX |     | 00000000000000000000000000101|         1|       XX |
|----------------------------------------------------|     |----------------------------------------------------|


-----------------------       End of translation        -----------------------

Location: MAINMEMORY
Action = Loading data from Main Memory  
Block = 11 


----------------------- Step: 030 to 030 || Trace: 2 c -----------------------

-----------------------    Beginning of translation   -----------------------

Location: TLB
Action = load operation - Access Type = hit
Cache Type = Accessing TLB
|---------------------------------------------------------------------------------------|
|                                |                    |   Word  |     Page    |   Byte  |
|               Tag              |         Set        |  OffSet |    OffSet   |  OffSet |
|---------------------------------------------------------------------------------------|
|   00000000000000000000000000110|                 ---|      ---|            0|      XX |
|---------------------------------------------------------------------------------------|
|                         29 bits|              0 bits|   0 bits|       1 bits|   2 bits|
|---------------------------------------------------------------------------------------|

Location: TRANSLATION
Action = Translation Address  - Using = TLB
|----------------------------------------------------|     |----------------------------------------------------|
|                  Virtual Address                   |     |                    Real Address                    |
|----------------------------------------------------|     |----------------------------------------------------|
|        Virtual Page          |PageOffSet|ByteOffSet| --> |           Frame Page         |PageOffSet|ByteOffSet|
|------------------------------|----------|----------|     |-----------------------------------------|----------|
| 00000000000000000000000000110|         0|       XX |     | 00000000000000000000000000111|         0|       XX |
|----------------------------------------------------|     |----------------------------------------------------|


-----------------------       End of translation        -----------------------

Location: MAINMEMORY
Action = Loading data from Main Memory  
Block = 14 


------------------------------
---       Statistics       ---
------------------------------

Main Memory
  Read Access: 41
  Read Cycles: 41
  Read Time: 41
  Write Access: 0
  Write Cycles: 0
  Write Time: 0
  Total Access: 41
  Total Time: 41

Disk
  Read Access: 0
  Read Cycles: 0
  Read Time: 0
  Write Access: 0
  Write Cycles: 0
  Write Time: 0
  Total Time: 0

Page Table
  Read Access: 11
  Read Cycles: 11
  Read Time: 11
  Write Access: 0
  Write Cycles: 0
  Write Time: 0
  Total Access: 11
  Page Fault: 0
  Total Time: 11

TLB
  Read Access: 30
  Read Cycles: 30
  Read Time: 30
  Write Access: 11
  Write Cycles: 22
  Write Time: 22
  Total Access: 30
  Total Hit: 19
  Total Miss: 11
  Hit rate: 0.6333333
  Total Time: 52

 Total Time: 93