------------------------------------
--- File created by Amnesia tool ---
------------------------------------


----------------------------------
--- Architecture Configuration ---
----------------------------------

--- Main Memory ---

Memory size: 8 word(s) 
Block size: 1 word(s)/block 
Cycles per access read: 1 unity 
Cycles per access write: 2 unity 
Time cycle: 1 time unity 

--- Virtual Memory ---
Page size: 2 word(s) 
Replacement algorithm: FIFO 

---      Disk     ---
Memory size: 32 word(s) 
Cycles per access read: 10 unity 
Cycles per access write: 20 unity 
Time cycle: 100 time unity 

---       TLB      ---
Memory size: 4 Frame Page(s) 
Cycles per access read: 1 unity 
Cycles per access write: 2 unity 
Time cycle: 1 time unity 
Replacement algorithm: FIFO 

-------------------------
---       Trace       ---
-------------------------

2 0
2 1
2 2
2 3
2 4
2 3
2 5
2 6
2 7
2 8
2 0
2 8
2 1
2 9
2 2
2 3
2 a
2 b
2 a
2 1
2 c
2 d
2 3
2 e
2 f
2 d
2 f
2 4
2 5
2 c

------------------------------
---      Execution Log     ---
------------------------------

Location: MAINMEMORY
Action = Stored data in Main Memory  
Block = 0 


Location: MAINMEMORY
Action = Stored data in Main Memory  
Block = 1 


Location: MAINMEMORY
Action = Stored data in Main Memory  
Block = 2 


Location: MAINMEMORY
Action = Stored data in Main Memory  
Block = 3 


Location: MAINMEMORY
Action = Stored data in Main Memory  
Block = 4 


Location: MAINMEMORY
Action = Stored data in Main Memory  
Block = 5 


Location: MAINMEMORY
Action = Stored data in Main Memory  
Block = 6 


Location: MAINMEMORY
Action = Stored data in Main Memory  
Block = 7 


Location: DISK
Action = Storing page in Disk 
Address = 0x00000000 - Page 0


Location: DISK
Action = Storing page in Disk 
Address = 0x00000002 - Page 1


Location: DISK
Action = Storing page in Disk 
Address = 0x00000004 - Page 2


Location: DISK
Action = Storing page in Disk 
Address = 0x00000006 - Page 3


Location: DISK
Action = Storing page in Disk 
Address = 0x00000008 - Page 4


Location: DISK
Action = Storing page in Disk 
Address = 0x0000000a - Page 5


Location: DISK
Action = Storing page in Disk 
Address = 0x0000000c - Page 6


Location: DISK
Action = Storing page in Disk 
Address = 0x0000000e - Page 7


Location: DISK
Action = Storing page in Disk 
Address = 0x00000010 - Page 8


Location: DISK
Action = Storing page in Disk 
Address = 0x00000012 - Page 9


Location: DISK
Action = Storing page in Disk 
Address = 0x00000014 - Page 10


Location: DISK
Action = Storing page in Disk 
Address = 0x00000016 - Page 11


Location: DISK
Action = Storing page in Disk 
Address = 0x00000018 - Page 12


Location: DISK
Action = Storing page in Disk 
Address = 0x0000001a - Page 13


Location: DISK
Action = Storing page in Disk 
Address = 0x0000001c - Page 14


Location: DISK
Action = Storing page in Disk 
Address = 0x0000001e - Page 15


----------------------- Step: 001 to 030 || Trace: 2 0 -----------------------

-----------------------    Beginning of translation   -----------------------

Location: TLB
Action = load operation - Access Type = miss
Cache Type = Accessing TLB
|---------------------------------------------------------------------------------------|
|                                |                    |   Word  |     Page    |   Byte  |
|               Tag              |         Set        |  OffSet |    OffSet   |  OffSet |
|---------------------------------------------------------------------------------------|
|   00000000000000000000000000000|                 ---|      ---|            0|      XX |
|---------------------------------------------------------------------------------------|
|                         29 bits|              0 bits|   0 bits|       1 bits|   2 bits|
|---------------------------------------------------------------------------------------|

Location: PAGETABLE
Action = loading data in the Page Table 
Virtual Page = 0x00000000

Location: TRANSLATION
Action = Translation Address  - Using = Page Table
|----------------------------------------------------|     |----------------------------------------------------|
|                  Virtual Address                   |     |                    Real Address                    |
|----------------------------------------------------|     |----------------------------------------------------|
|        Virtual Page          |PageOffSet|ByteOffSet| --> |           Frame Page         |PageOffSet|ByteOffSet|
|------------------------------|----------|----------|     |-----------------------------------------|----------|
| 00000000000000000000000000000|         0|       XX |     | 00000000000000000000000000011|         0|       XX |
|----------------------------------------------------|     |----------------------------------------------------|


Location: TLB
Action = Store Operation - Access Type = miss
Cache Type = TLB
|---------------------------------------------------------------------------------------|
|                                |                    |   Word  |     Page    |   Byte  |
|               Tag              |         Set        |  OffSet |    OffSet   |  OffSet |
|---------------------------------------------------------------------------------------|
|   00000000000000000000000000000|                 ---|      ---|            0|      XX |
|---------------------------------------------------------------------------------------|
|                         29 bits|              0 bits|   0 bits|       1 bits|   2 bits|
|---------------------------------------------------------------------------------------|

-----------------------       End of translation        -----------------------

Location: MAINMEMORY
Action = Loading data from Main Memory  
Block = 6 


----------------------- Step: 002 to 030 || Trace: 2 1 -----------------------

-----------------------    Beginning of translation   -----------------------

Location: TLB
Action = load operation - Access Type = hit
Cache Type = Accessing TLB
|---------------------------------------------------------------------------------------|
|                                |                    |   Word  |     Page    |   Byte  |
|               Tag              |         Set        |  OffSet |    OffSet   |  OffSet |
|---------------------------------------------------------------------------------------|
|   00000000000000000000000000000|                 ---|      ---|            1|      XX |
|---------------------------------------------------------------------------------------|
|                         29 bits|              0 bits|   0 bits|       1 bits|   2 bits|
|---------------------------------------------------------------------------------------|

Location: TRANSLATION
Action = Translation Address  - Using = TLB
|----------------------------------------------------|     |----------------------------------------------------|
|                  Virtual Address                   |     |                    Real Address                    |
|----------------------------------------------------|     |----------------------------------------------------|
|        Virtual Page          |PageOffSet|ByteOffSet| --> |           Frame Page         |PageOffSet|ByteOffSet|
|------------------------------|----------|----------|     |-----------------------------------------|----------|
| 00000000000000000000000000000|         1|       XX |     | 00000000000000000000000000011|         1|       XX |
|----------------------------------------------------|     |----------------------------------------------------|


-----------------------       End of translation        -----------------------

Location: MAINMEMORY
Action = Loading data from Main Memory  
Block = 7 


----------------------- Step: 003 to 030 || Trace: 2 2 -----------------------

-----------------------    Beginning of translation   -----------------------

Location: TLB
Action = load operation - Access Type = miss
Cache Type = Accessing TLB
|---------------------------------------------------------------------------------------|
|                                |                    |   Word  |     Page    |   Byte  |
|               Tag              |         Set        |  OffSet |    OffSet   |  OffSet |
|---------------------------------------------------------------------------------------|
|   00000000000000000000000000001|                 ---|      ---|            0|      XX |
|---------------------------------------------------------------------------------------|
|                         29 bits|              0 bits|   0 bits|       1 bits|   2 bits|
|---------------------------------------------------------------------------------------|

Location: PAGETABLE
Action = loading data in the Page Table 
Virtual Page = 0x00000001

Location: TRANSLATION
Action = Translation Address  - Using = Page Table
|----------------------------------------------------|     |----------------------------------------------------|
|                  Virtual Address                   |     |                    Real Address                    |
|----------------------------------------------------|     |----------------------------------------------------|
|        Virtual Page          |PageOffSet|ByteOffSet| --> |           Frame Page         |PageOffSet|ByteOffSet|
|------------------------------|----------|----------|     |-----------------------------------------|----------|
| 00000000000000000000000000001|         0|       XX |     | 00000000000000000000000000010|         0|       XX |
|----------------------------------------------------|     |----------------------------------------------------|


Location: TLB
Action = Store Operation - Access Type = miss
Cache Type = TLB
|---------------------------------------------------------------------------------------|
|                                |                    |   Word  |     Page    |   Byte  |
|               Tag              |         Set        |  OffSet |    OffSet   |  OffSet |
|---------------------------------------------------------------------------------------|
|   00000000000000000000000000001|                 ---|      ---|            0|      XX |
|---------------------------------------------------------------------------------------|
|                         29 bits|              0 bits|   0 bits|       1 bits|   2 bits|
|---------------------------------------------------------------------------------------|

-----------------------       End of translation        -----------------------

Location: MAINMEMORY
Action = Loading data from Main Memory  
Block = 4 


----------------------- Step: 004 to 030 || Trace: 2 3 -----------------------

-----------------------    Beginning of translation   -----------------------

Location: TLB
Action = load operation - Access Type = hit
Cache Type = Accessing TLB
|---------------------------------------------------------------------------------------|
|                                |                    |   Word  |     Page    |   Byte  |
|               Tag              |         Set        |  OffSet |    OffSet   |  OffSet |
|---------------------------------------------------------------------------------------|
|   00000000000000000000000000001|                 ---|      ---|            1|      XX |
|---------------------------------------------------------------------------------------|
|                         29 bits|              0 bits|   0 bits|       1 bits|   2 bits|
|---------------------------------------------------------------------------------------|

Location: TRANSLATION
Action = Translation Address  - Using = TLB
|----------------------------------------------------|     |----------------------------------------------------|
|                  Virtual Address                   |     |                    Real Address                    |
|----------------------------------------------------|     |----------------------------------------------------|
|        Virtual Page          |PageOffSet|ByteOffSet| --> |           Frame Page         |PageOffSet|ByteOffSet|
|------------------------------|----------|----------|     |-----------------------------------------|----------|
| 00000000000000000000000000001|         1|       XX |     | 00000000000000000000000000010|         1|       XX |
|----------------------------------------------------|     |----------------------------------------------------|


-----------------------       End of translation        -----------------------

Location: MAINMEMORY
Action = Loading data from Main Memory  
Block = 5 


----------------------- Step: 005 to 030 || Trace: 2 4 -----------------------

-----------------------    Beginning of translation   -----------------------

Location: TLB
Action = load operation - Access Type = miss
Cache Type = Accessing TLB
|---------------------------------------------------------------------------------------|
|                                |                    |   Word  |     Page    |   Byte  |
|               Tag              |         Set        |  OffSet |    OffSet   |  OffSet |
|---------------------------------------------------------------------------------------|
|   00000000000000000000000000010|                 ---|      ---|            0|      XX |
|---------------------------------------------------------------------------------------|
|                         29 bits|              0 bits|   0 bits|       1 bits|   2 bits|
|---------------------------------------------------------------------------------------|

Location: PAGETABLE
Action = loading data in the Page Table 
Virtual Page = 0x00000002
Page Fault

----------------------      Beginning of paging        ----------------------

Location: DISK
Action = Loading page from Disk and store page in the aux vector 
|--------------------|       |--------------------|
|     aux vector     |  <--  |    disk    - Page 1|
|--------------------|       |--------------------|
|               xxxxx|       |          0x00000004|
|--------------------|       |--------------------|
|               xxxxx|       |          0x00000005|
|--------------------|       |--------------------|


Location: DISK
Action = Loading page from Main Memory and storing page in Disk 
|--------------------|       |--------------------|
|    disk    - Page 1|  <--  |Main Memory - Page 0|
|--------------------|       |--------------------|
|               xxxxx|       |          0x0000000a|
|--------------------|       |--------------------|
|               xxxxx|       |          0x0000000b|
|--------------------|       |--------------------|


Location: MAINMEMORY
Action = Store page in the Main Memory 
|--------------------|       |--------------------|
|Main Memory - Page 0|  <--  |     aux vector     |
|--------------------|       |--------------------|
|               xxxxx|       |          0x00000004|
|--------------------|       |--------------------|
|               xxxxx|       |          0x00000005|
|--------------------|       |--------------------|


Location: PAGETABLE
Action = Update the Page Table 
|--------------------|       |--------------------|
|          0x00000002|  <->  |          0x00000005|
|--------------------|       |--------------------|


----------------------         End of paging           ----------------------

Location: TRANSLATION
Action = Translation Address  - Using = Page Table
|----------------------------------------------------|     |----------------------------------------------------|
|                  Virtual Address                   |     |                    Real Address                    |
|----------------------------------------------------|     |----------------------------------------------------|
|        Virtual Page          |PageOffSet|ByteOffSet| --> |           Frame Page         |PageOffSet|ByteOffSet|
|------------------------------|----------|----------|     |-----------------------------------------|----------|
| 00000000000000000000000000010|         0|       XX |     | 00000000000000000000000000000|         0|       XX |
|----------------------------------------------------|     |----------------------------------------------------|


Location: TLB
Action = Store Operation - Access Type = miss
Cache Type = TLB
|---------------------------------------------------------------------------------------|
|                                |                    |   Word  |     Page    |   Byte  |
|               Tag              |         Set        |  OffSet |    OffSet   |  OffSet |
|---------------------------------------------------------------------------------------|
|   00000000000000000000000000010|                 ---|      ---|            0|      XX |
|---------------------------------------------------------------------------------------|
|                         29 bits|              0 bits|   0 bits|       1 bits|   2 bits|
|---------------------------------------------------------------------------------------|

-----------------------       End of translation        -----------------------

Location: MAINMEMORY
Action = Loading data from Main Memory  
Block = 0 


----------------------- Step: 006 to 030 || Trace: 2 3 -----------------------

-----------------------    Beginning of translation   -----------------------

Location: TLB
Action = load operation - Access Type = hit
Cache Type = Accessing TLB
|---------------------------------------------------------------------------------------|
|                                |                    |   Word  |     Page    |   Byte  |
|               Tag              |         Set        |  OffSet |    OffSet   |  OffSet |
|---------------------------------------------------------------------------------------|
|   00000000000000000000000000001|                 ---|      ---|            1|      XX |
|---------------------------------------------------------------------------------------|
|                         29 bits|              0 bits|   0 bits|       1 bits|   2 bits|
|---------------------------------------------------------------------------------------|

Location: TRANSLATION
Action = Translation Address  - Using = TLB
|----------------------------------------------------|     |----------------------------------------------------|
|                  Virtual Address                   |     |                    Real Address                    |
|----------------------------------------------------|     |----------------------------------------------------|
|        Virtual Page          |PageOffSet|ByteOffSet| --> |           Frame Page         |PageOffSet|ByteOffSet|
|------------------------------|----------|----------|     |-----------------------------------------|----------|
| 00000000000000000000000000001|         1|       XX |     | 00000000000000000000000000010|         1|       XX |
|----------------------------------------------------|     |----------------------------------------------------|


-----------------------       End of translation        -----------------------

Location: MAINMEMORY
Action = Loading data from Main Memory  
Block = 5 


----------------------- Step: 007 to 030 || Trace: 2 5 -----------------------

-----------------------    Beginning of translation   -----------------------

Location: TLB
Action = load operation - Access Type = hit
Cache Type = Accessing TLB
|---------------------------------------------------------------------------------------|
|                                |                    |   Word  |     Page    |   Byte  |
|               Tag              |         Set        |  OffSet |    OffSet   |  OffSet |
|---------------------------------------------------------------------------------------|
|   00000000000000000000000000010|                 ---|      ---|            1|      XX |
|---------------------------------------------------------------------------------------|
|                         29 bits|              0 bits|   0 bits|       1 bits|   2 bits|
|---------------------------------------------------------------------------------------|

Location: TRANSLATION
Action = Translation Address  - Using = TLB
|----------------------------------------------------|     |----------------------------------------------------|
|                  Virtual Address                   |     |                    Real Address                    |
|----------------------------------------------------|     |----------------------------------------------------|
|        Virtual Page          |PageOffSet|ByteOffSet| --> |           Frame Page         |PageOffSet|ByteOffSet|
|------------------------------|----------|----------|     |-----------------------------------------|----------|
| 00000000000000000000000000010|         1|       XX |     | 00000000000000000000000000000|         1|       XX |
|----------------------------------------------------|     |----------------------------------------------------|


-----------------------       End of translation        -----------------------

Location: MAINMEMORY
Action = Loading data from Main Memory  
Block = 1 


----------------------- Step: 008 to 030 || Trace: 2 6 -----------------------

-----------------------    Beginning of translation   -----------------------

Location: TLB
Action = load operation - Access Type = miss
Cache Type = Accessing TLB
|---------------------------------------------------------------------------------------|
|                                |                    |   Word  |     Page    |   Byte  |
|               Tag              |         Set        |  OffSet |    OffSet   |  OffSet |
|---------------------------------------------------------------------------------------|
|   00000000000000000000000000011|                 ---|      ---|            0|      XX |
|---------------------------------------------------------------------------------------|
|                         29 bits|              0 bits|   0 bits|       1 bits|   2 bits|
|---------------------------------------------------------------------------------------|

Location: PAGETABLE
Action = loading data in the Page Table 
Virtual Page = 0x00000003

Location: TRANSLATION
Action = Translation Address  - Using = Page Table
|----------------------------------------------------|     |----------------------------------------------------|
|                  Virtual Address                   |     |                    Real Address                    |
|----------------------------------------------------|     |----------------------------------------------------|
|        Virtual Page          |PageOffSet|ByteOffSet| --> |           Frame Page         |PageOffSet|ByteOffSet|
|------------------------------|----------|----------|     |-----------------------------------------|----------|
| 00000000000000000000000000011|         0|       XX |     | 00000000000000000000000000001|         0|       XX |
|----------------------------------------------------|     |----------------------------------------------------|


Location: TLB
Action = Store Operation - Access Type = miss
Cache Type = TLB
|---------------------------------------------------------------------------------------|
|                                |                    |   Word  |     Page    |   Byte  |
|               Tag              |         Set        |  OffSet |    OffSet   |  OffSet |
|---------------------------------------------------------------------------------------|
|   00000000000000000000000000011|                 ---|      ---|            0|      XX |
|---------------------------------------------------------------------------------------|
|                         29 bits|              0 bits|   0 bits|       1 bits|   2 bits|
|---------------------------------------------------------------------------------------|

-----------------------       End of translation        -----------------------

Location: MAINMEMORY
Action = Loading data from Main Memory  
Block = 2 


----------------------- Step: 009 to 030 || Trace: 2 7 -----------------------

-----------------------    Beginning of translation   -----------------------

Location: TLB
Action = load operation - Access Type = hit
Cache Type = Accessing TLB
|---------------------------------------------------------------------------------------|
|                                |                    |   Word  |     Page    |   Byte  |
|               Tag              |         Set        |  OffSet |    OffSet   |  OffSet |
|---------------------------------------------------------------------------------------|
|   00000000000000000000000000011|                 ---|      ---|            1|      XX |
|---------------------------------------------------------------------------------------|
|                         29 bits|              0 bits|   0 bits|       1 bits|   2 bits|
|---------------------------------------------------------------------------------------|

Location: TRANSLATION
Action = Translation Address  - Using = TLB
|----------------------------------------------------|     |----------------------------------------------------|
|                  Virtual Address                   |     |                    Real Address                    |
|----------------------------------------------------|     |----------------------------------------------------|
|        Virtual Page          |PageOffSet|ByteOffSet| --> |           Frame Page         |PageOffSet|ByteOffSet|
|------------------------------|----------|----------|     |-----------------------------------------|----------|
| 00000000000000000000000000011|         1|       XX |     | 00000000000000000000000000001|         1|       XX |
|----------------------------------------------------|     |----------------------------------------------------|


-----------------------       End of translation        -----------------------

Location: MAINMEMORY
Action = Loading data from Main Memory  
Block = 3 


----------------------- Step: 010 to 030 || Trace: 2 8 -----------------------

-----------------------    Beginning of translation   -----------------------

Location: TLB
Action = load operation - Access Type = miss
Cache Type = Accessing TLB
|---------------------------------------------------------------------------------------|
|                                |                    |   Word  |     Page    |   Byte  |
|               Tag              |         Set        |  OffSet |    OffSet   |  OffSet |
|---------------------------------------------------------------------------------------|
|   00000000000000000000000000100|                 ---|      ---|            0|      XX |
|---------------------------------------------------------------------------------------|
|                         29 bits|              0 bits|   0 bits|       1 bits|   2 bits|
|---------------------------------------------------------------------------------------|

Location: PAGETABLE
Action = loading data in the Page Table 
Virtual Page = 0x00000004
Page Fault

----------------------      Beginning of paging        ----------------------

Location: DISK
Action = Loading page from Disk and store page in the aux vector 
|--------------------|       |--------------------|
|     aux vector     |  <--  |    disk    - Page 2|
|--------------------|       |--------------------|
|               xxxxx|       |          0x00000008|
|--------------------|       |--------------------|
|               xxxxx|       |          0x00000009|
|--------------------|       |--------------------|


Location: DISK
Action = Loading page from Main Memory and storing page in Disk 
|--------------------|       |--------------------|
|    disk    - Page 2|  <--  |Main Memory - Page 1|
|--------------------|       |--------------------|
|               xxxxx|       |          0x00000006|
|--------------------|       |--------------------|
|               xxxxx|       |          0x00000007|
|--------------------|       |--------------------|


Location: MAINMEMORY
Action = Store page in the Main Memory 
|--------------------|       |--------------------|
|Main Memory - Page 1|  <--  |     aux vector     |
|--------------------|       |--------------------|
|               xxxxx|       |          0x00000008|
|--------------------|       |--------------------|
|               xxxxx|       |          0x00000009|
|--------------------|       |--------------------|


Location: PAGETABLE
Action = Update the Page Table 
|--------------------|       |--------------------|
|          0x00000004|  <->  |          0x00000003|
|--------------------|       |--------------------|


----------------------         End of paging           ----------------------

Location: TRANSLATION
Action = Translation Address  - Using = Page Table
|----------------------------------------------------|     |----------------------------------------------------|
|                  Virtual Address                   |     |                    Real Address                    |
|----------------------------------------------------|     |----------------------------------------------------|
|        Virtual Page          |PageOffSet|ByteOffSet| --> |           Frame Page         |PageOffSet|ByteOffSet|
|------------------------------|----------|----------|     |-----------------------------------------|----------|
| 00000000000000000000000000100|         0|       XX |     | 00000000000000000000000000001|         0|       XX |
|----------------------------------------------------|     |----------------------------------------------------|


Location: TLB
Action = Store Operation - Access Type = miss
Cache Type = TLB
|---------------------------------------------------------------------------------------|
|                                |                    |   Word  |     Page    |   Byte  |
|               Tag              |         Set        |  OffSet |    OffSet   |  OffSet |
|---------------------------------------------------------------------------------------|
|   00000000000000000000000000100|                 ---|      ---|            0|      XX |
|---------------------------------------------------------------------------------------|
|                         29 bits|              0 bits|   0 bits|       1 bits|   2 bits|
|---------------------------------------------------------------------------------------|

-----------------------       End of translation        -----------------------

Location: MAINMEMORY
Action = Loading data from Main Memory  
Block = 2 


----------------------- Step: 011 to 030 || Trace: 2 0 -----------------------

-----------------------    Beginning of translation   -----------------------

Location: TLB
Action = load operation - Access Type = hit
Cache Type = Accessing TLB
|---------------------------------------------------------------------------------------|
|                                |                    |   Word  |     Page    |   Byte  |
|               Tag              |         Set        |  OffSet |    OffSet   |  OffSet |
|---------------------------------------------------------------------------------------|
|   00000000000000000000000000000|                 ---|      ---|            0|      XX |
|---------------------------------------------------------------------------------------|
|                         29 bits|              0 bits|   0 bits|       1 bits|   2 bits|
|---------------------------------------------------------------------------------------|

Location: TRANSLATION
Action = Translation Address  - Using = TLB
|----------------------------------------------------|     |----------------------------------------------------|
|                  Virtual Address                   |     |                    Real Address                    |
|----------------------------------------------------|     |----------------------------------------------------|
|        Virtual Page          |PageOffSet|ByteOffSet| --> |           Frame Page         |PageOffSet|ByteOffSet|
|------------------------------|----------|----------|     |-----------------------------------------|----------|
| 00000000000000000000000000000|         0|       XX |     | 00000000000000000000000000011|         0|       XX |
|----------------------------------------------------|     |----------------------------------------------------|


-----------------------       End of translation        -----------------------

Location: MAINMEMORY
Action = Loading data from Main Memory  
Block = 6 


----------------------- Step: 012 to 030 || Trace: 2 8 -----------------------

-----------------------    Beginning of translation   -----------------------

Location: TLB
Action = load operation - Access Type = hit
Cache Type = Accessing TLB
|---------------------------------------------------------------------------------------|
|                                |                    |   Word  |     Page    |   Byte  |
|               Tag              |         Set        |  OffSet |    OffSet   |  OffSet |
|---------------------------------------------------------------------------------------|
|   00000000000000000000000000100|                 ---|      ---|            0|      XX |
|---------------------------------------------------------------------------------------|
|                         29 bits|              0 bits|   0 bits|       1 bits|   2 bits|
|---------------------------------------------------------------------------------------|

Location: TRANSLATION
Action = Translation Address  - Using = TLB
|----------------------------------------------------|     |----------------------------------------------------|
|                  Virtual Address                   |     |                    Real Address                    |
|----------------------------------------------------|     |----------------------------------------------------|
|        Virtual Page          |PageOffSet|ByteOffSet| --> |           Frame Page         |PageOffSet|ByteOffSet|
|------------------------------|----------|----------|     |-----------------------------------------|----------|
| 00000000000000000000000000100|         0|       XX |     | 00000000000000000000000000001|         0|       XX |
|----------------------------------------------------|     |----------------------------------------------------|


-----------------------       End of translation        -----------------------

Location: MAINMEMORY
Action = Loading data from Main Memory  
Block = 2 


----------------------- Step: 013 to 030 || Trace: 2 1 -----------------------

-----------------------    Beginning of translation   -----------------------

Location: TLB
Action = load operation - Access Type = hit
Cache Type = Accessing TLB
|---------------------------------------------------------------------------------------|
|                                |                    |   Word  |     Page    |   Byte  |
|               Tag              |         Set        |  OffSet |    OffSet   |  OffSet |
|---------------------------------------------------------------------------------------|
|   00000000000000000000000000000|                 ---|      ---|            1|      XX |
|---------------------------------------------------------------------------------------|
|                         29 bits|              0 bits|   0 bits|       1 bits|   2 bits|
|---------------------------------------------------------------------------------------|

Location: TRANSLATION
Action = Translation Address  - Using = TLB
|----------------------------------------------------|     |----------------------------------------------------|
|                  Virtual Address                   |     |                    Real Address                    |
|----------------------------------------------------|     |----------------------------------------------------|
|        Virtual Page          |PageOffSet|ByteOffSet| --> |           Frame Page         |PageOffSet|ByteOffSet|
|------------------------------|----------|----------|     |-----------------------------------------|----------|
| 00000000000000000000000000000|         1|       XX |     | 00000000000000000000000000011|         1|       XX |
|----------------------------------------------------|     |----------------------------------------------------|


-----------------------       End of translation        -----------------------

Location: MAINMEMORY
Action = Loading data from Main Memory  
Block = 7 


----------------------- Step: 014 to 030 || Trace: 2 9 -----------------------

-----------------------    Beginning of translation   -----------------------

Location: TLB
Action = load operation - Access Type = hit
Cache Type = Accessing TLB
|---------------------------------------------------------------------------------------|
|                                |                    |   Word  |     Page    |   Byte  |
|               Tag              |         Set        |  OffSet |    OffSet   |  OffSet |
|---------------------------------------------------------------------------------------|
|   00000000000000000000000000100|                 ---|      ---|            1|      XX |
|---------------------------------------------------------------------------------------|
|                         29 bits|              0 bits|   0 bits|       1 bits|   2 bits|
|---------------------------------------------------------------------------------------|

Location: TRANSLATION
Action = Translation Address  - Using = TLB
|----------------------------------------------------|     |----------------------------------------------------|
|                  Virtual Address                   |     |                    Real Address                    |
|----------------------------------------------------|     |----------------------------------------------------|
|        Virtual Page          |PageOffSet|ByteOffSet| --> |           Frame Page         |PageOffSet|ByteOffSet|
|------------------------------|----------|----------|     |-----------------------------------------|----------|
| 00000000000000000000000000100|         1|       XX |     | 00000000000000000000000000001|         1|       XX |
|----------------------------------------------------|     |----------------------------------------------------|


-----------------------       End of translation        -----------------------

Location: MAINMEMORY
Action = Loading data from Main Memory  
Block = 3 


----------------------- Step: 015 to 030 || Trace: 2 2 -----------------------

-----------------------    Beginning of translation   -----------------------

Location: TLB
Action = load operation - Access Type = hit
Cache Type = Accessing TLB
|---------------------------------------------------------------------------------------|
|                                |                    |   Word  |     Page    |   Byte  |
|               Tag              |         Set        |  OffSet |    OffSet   |  OffSet |
|---------------------------------------------------------------------------------------|
|   00000000000000000000000000001|                 ---|      ---|            0|      XX |
|---------------------------------------------------------------------------------------|
|                         29 bits|              0 bits|   0 bits|       1 bits|   2 bits|
|---------------------------------------------------------------------------------------|

Location: TRANSLATION
Action = Translation Address  - Using = TLB
|----------------------------------------------------|     |----------------------------------------------------|
|                  Virtual Address                   |     |                    Real Address                    |
|----------------------------------------------------|     |----------------------------------------------------|
|        Virtual Page          |PageOffSet|ByteOffSet| --> |           Frame Page         |PageOffSet|ByteOffSet|
|------------------------------|----------|----------|     |-----------------------------------------|----------|
| 00000000000000000000000000001|         0|       XX |     | 00000000000000000000000000010|         0|       XX |
|----------------------------------------------------|     |----------------------------------------------------|


-----------------------       End of translation        -----------------------

Location: MAINMEMORY
Action = Loading data from Main Memory  
Block = 4 


----------------------- Step: 016 to 030 || Trace: 2 3 -----------------------

-----------------------    Beginning of translation   -----------------------

Location: TLB
Action = load operation - Access Type = hit
Cache Type = Accessing TLB
|---------------------------------------------------------------------------------------|
|                                |                    |   Word  |     Page    |   Byte  |
|               Tag              |         Set        |  OffSet |    OffSet   |  OffSet |
|---------------------------------------------------------------------------------------|
|   00000000000000000000000000001|                 ---|      ---|            1|      XX |
|---------------------------------------------------------------------------------------|
|                         29 bits|              0 bits|   0 bits|       1 bits|   2 bits|
|---------------------------------------------------------------------------------------|

Location: TRANSLATION
Action = Translation Address  - Using = TLB
|----------------------------------------------------|     |----------------------------------------------------|
|                  Virtual Address                   |     |                    Real Address                    |
|----------------------------------------------------|     |----------------------------------------------------|
|        Virtual Page          |PageOffSet|ByteOffSet| --> |           Frame Page         |PageOffSet|ByteOffSet|
|------------------------------|----------|----------|     |-----------------------------------------|----------|
| 00000000000000000000000000001|         1|       XX |     | 00000000000000000000000000010|         1|       XX |
|----------------------------------------------------|     |----------------------------------------------------|


-----------------------       End of translation        -----------------------

Location: MAINMEMORY
Action = Loading data from Main Memory  
Block = 5 


----------------------- Step: 017 to 030 || Trace: 2 a -----------------------

-----------------------    Beginning of translation   -----------------------

Location: TLB
Action = load operation - Access Type = miss
Cache Type = Accessing TLB
|---------------------------------------------------------------------------------------|
|                                |                    |   Word  |     Page    |   Byte  |
|               Tag              |         Set        |  OffSet |    OffSet   |  OffSet |
|---------------------------------------------------------------------------------------|
|   00000000000000000000000000101|                 ---|      ---|            0|      XX |
|---------------------------------------------------------------------------------------|
|                         29 bits|              0 bits|   0 bits|       1 bits|   2 bits|
|---------------------------------------------------------------------------------------|

Location: PAGETABLE
Action = loading data in the Page Table 
Virtual Page = 0x00000005
Page Fault

----------------------      Beginning of paging        ----------------------

Location: DISK
Action = Loading page from Disk and store page in the aux vector 
|--------------------|       |--------------------|
|     aux vector     |  <--  |    disk    - Page 1|
|--------------------|       |--------------------|
|               xxxxx|       |          0x0000000a|
|--------------------|       |--------------------|
|               xxxxx|       |          0x0000000b|
|--------------------|       |--------------------|


Location: DISK
Action = Loading page from Main Memory and storing page in Disk 
|--------------------|       |--------------------|
|    disk    - Page 1|  <--  |Main Memory - Page 2|
|--------------------|       |--------------------|
|               xxxxx|       |          0x00000002|
|--------------------|       |--------------------|
|               xxxxx|       |          0x00000003|
|--------------------|       |--------------------|


Location: MAINMEMORY
Action = Store page in the Main Memory 
|--------------------|       |--------------------|
|Main Memory - Page 2|  <--  |     aux vector     |
|--------------------|       |--------------------|
|               xxxxx|       |          0x0000000a|
|--------------------|       |--------------------|
|               xxxxx|       |          0x0000000b|
|--------------------|       |--------------------|


Location: PAGETABLE
Action = Update the Page Table 
|--------------------|       |--------------------|
|          0x00000005|  <->  |          0x00000001|
|--------------------|       |--------------------|


----------------------         End of paging           ----------------------

Location: TRANSLATION
Action = Translation Address  - Using = Page Table
|----------------------------------------------------|     |----------------------------------------------------|
|                  Virtual Address                   |     |                    Real Address                    |
|----------------------------------------------------|     |----------------------------------------------------|
|        Virtual Page          |PageOffSet|ByteOffSet| --> |           Frame Page         |PageOffSet|ByteOffSet|
|------------------------------|----------|----------|     |-----------------------------------------|----------|
| 00000000000000000000000000101|         0|       XX |     | 00000000000000000000000000010|         0|       XX |
|----------------------------------------------------|     |----------------------------------------------------|


Location: TLB
Action = Store Operation - Access Type = miss
Cache Type = TLB
|---------------------------------------------------------------------------------------|
|                                |                    |   Word  |     Page    |   Byte  |
|               Tag              |         Set        |  OffSet |    OffSet   |  OffSet |
|---------------------------------------------------------------------------------------|
|   00000000000000000000000000101|                 ---|      ---|            0|      XX |
|---------------------------------------------------------------------------------------|
|                         29 bits|              0 bits|   0 bits|       1 bits|   2 bits|
|---------------------------------------------------------------------------------------|

-----------------------       End of translation        -----------------------

Location: MAINMEMORY
Action = Loading data from Main Memory  
Block = 4 


----------------------- Step: 018 to 030 || Trace: 2 b -----------------------

-----------------------    Beginning of translation   -----------------------

Location: TLB
Action = load operation - Access Type = hit
Cache Type = Accessing TLB
|---------------------------------------------------------------------------------------|
|                                |                    |   Word  |     Page    |   Byte  |
|               Tag              |         Set        |  OffSet |    OffSet   |  OffSet |
|---------------------------------------------------------------------------------------|
|   00000000000000000000000000101|                 ---|      ---|            1|      XX |
|---------------------------------------------------------------------------------------|
|                         29 bits|              0 bits|   0 bits|       1 bits|   2 bits|
|---------------------------------------------------------------------------------------|

Location: TRANSLATION
Action = Translation Address  - Using = TLB
|----------------------------------------------------|     |----------------------------------------------------|
|                  Virtual Address                   |     |                    Real Address                    |
|----------------------------------------------------|     |----------------------------------------------------|
|        Virtual Page          |PageOffSet|ByteOffSet| --> |           Frame Page         |PageOffSet|ByteOffSet|
|------------------------------|----------|----------|     |-----------------------------------------|----------|
| 00000000000000000000000000101|         1|       XX |     | 00000000000000000000000000010|         1|       XX |
|----------------------------------------------------|     |----------------------------------------------------|


-----------------------       End of translation        -----------------------

Location: MAINMEMORY
Action = Loading data from Main Memory  
Block = 5 


----------------------- Step: 019 to 030 || Trace: 2 a -----------------------

-----------------------    Beginning of translation   -----------------------

Location: TLB
Action = load operation - Access Type = hit
Cache Type = Accessing TLB
|---------------------------------------------------------------------------------------|
|                                |                    |   Word  |     Page    |   Byte  |
|               Tag              |         Set        |  OffSet |    OffSet   |  OffSet |
|---------------------------------------------------------------------------------------|
|   00000000000000000000000000101|                 ---|      ---|            0|      XX |
|---------------------------------------------------------------------------------------|
|                         29 bits|              0 bits|   0 bits|       1 bits|   2 bits|
|---------------------------------------------------------------------------------------|

Location: TRANSLATION
Action = Translation Address  - Using = TLB
|----------------------------------------------------|     |----------------------------------------------------|
|                  Virtual Address                   |     |                    Real Address                    |
|----------------------------------------------------|     |----------------------------------------------------|
|        Virtual Page          |PageOffSet|ByteOffSet| --> |           Frame Page         |PageOffSet|ByteOffSet|
|------------------------------|----------|----------|     |-----------------------------------------|----------|
| 00000000000000000000000000101|         0|       XX |     | 00000000000000000000000000010|         0|       XX |
|----------------------------------------------------|     |----------------------------------------------------|


-----------------------       End of translation        -----------------------

Location: MAINMEMORY
Action = Loading data from Main Memory  
Block = 4 


----------------------- Step: 020 to 030 || Trace: 2 1 -----------------------

-----------------------    Beginning of translation   -----------------------

Location: TLB
Action = load operation - Access Type = hit
Cache Type = Accessing TLB
|---------------------------------------------------------------------------------------|
|                                |                    |   Word  |     Page    |   Byte  |
|               Tag              |         Set        |  OffSet |    OffSet   |  OffSet |
|---------------------------------------------------------------------------------------|
|   00000000000000000000000000000|                 ---|      ---|            1|      XX |
|---------------------------------------------------------------------------------------|
|                         29 bits|              0 bits|   0 bits|       1 bits|   2 bits|
|---------------------------------------------------------------------------------------|

Location: TRANSLATION
Action = Translation Address  - Using = TLB
|----------------------------------------------------|     |----------------------------------------------------|
|                  Virtual Address                   |     |                    Real Address                    |
|----------------------------------------------------|     |----------------------------------------------------|
|        Virtual Page          |PageOffSet|ByteOffSet| --> |           Frame Page         |PageOffSet|ByteOffSet|
|------------------------------|----------|----------|     |-----------------------------------------|----------|
| 00000000000000000000000000000|         1|       XX |     | 00000000000000000000000000011|         1|       XX |
|----------------------------------------------------|     |----------------------------------------------------|


-----------------------       End of translation        -----------------------

Location: MAINMEMORY
Action = Loading data from Main Memory  
Block = 7 


----------------------- Step: 021 to 030 || Trace: 2 c -----------------------

-----------------------    Beginning of translation   -----------------------

Location: TLB
Action = load operation - Access Type = miss
Cache Type = Accessing TLB
|---------------------------------------------------------------------------------------|
|                                |                    |   Word  |     Page    |   Byte  |
|               Tag              |         Set        |  OffSet |    OffSet   |  OffSet |
|---------------------------------------------------------------------------------------|
|   00000000000000000000000000110|                 ---|      ---|            0|      XX |
|---------------------------------------------------------------------------------------|
|                         29 bits|              0 bits|   0 bits|       1 bits|   2 bits|
|---------------------------------------------------------------------------------------|

Location: PAGETABLE
Action = loading data in the Page Table 
Virtual Page = 0x00000006
Page Fault

----------------------      Beginning of paging        ----------------------

Location: DISK
Action = Loading page from Disk and store page in the aux vector 
|--------------------|       |--------------------|
|     aux vector     |  <--  |    disk    - Page 3|
|--------------------|       |--------------------|
|               xxxxx|       |          0x0000000c|
|--------------------|       |--------------------|
|               xxxxx|       |          0x0000000d|
|--------------------|       |--------------------|


Location: DISK
Action = Loading page from Main Memory and storing page in Disk 
|--------------------|       |--------------------|
|    disk    - Page 3|  <--  |Main Memory - Page 3|
|--------------------|       |--------------------|
|               xxxxx|       |          0x00000000|
|--------------------|       |--------------------|
|               xxxxx|       |          0x00000001|
|--------------------|       |--------------------|


Location: MAINMEMORY
Action = Store page in the Main Memory 
|--------------------|       |--------------------|
|Main Memory - Page 3|  <--  |     aux vector     |
|--------------------|       |--------------------|
|               xxxxx|       |          0x0000000c|
|--------------------|       |--------------------|
|               xxxxx|       |          0x0000000d|
|--------------------|       |--------------------|


Location: PAGETABLE
Action = Update the Page Table 
|--------------------|       |--------------------|
|          0x00000006|  <->  |          0x00000000|
|--------------------|       |--------------------|


----------------------         End of paging           ----------------------

Location: TRANSLATION
Action = Translation Address  - Using = Page Table
|----------------------------------------------------|     |----------------------------------------------------|
|                  Virtual Address                   |     |                    Real Address                    |
|----------------------------------------------------|     |----------------------------------------------------|
|        Virtual Page          |PageOffSet|ByteOffSet| --> |           Frame Page         |PageOffSet|ByteOffSet|
|------------------------------|----------|----------|     |-----------------------------------------|----------|
| 00000000000000000000000000110|         0|       XX |     | 00000000000000000000000000011|         0|       XX |
|----------------------------------------------------|     |----------------------------------------------------|


Location: TLB
Action = Store Operation - Access Type = miss
Cache Type = TLB
|---------------------------------------------------------------------------------------|
|                                |                    |   Word  |     Page    |   Byte  |
|               Tag              |         Set        |  OffSet |    OffSet   |  OffSet |
|---------------------------------------------------------------------------------------|
|   00000000000000000000000000110|                 ---|      ---|            0|      XX |
|---------------------------------------------------------------------------------------|
|                         29 bits|              0 bits|   0 bits|       1 bits|   2 bits|
|---------------------------------------------------------------------------------------|

-----------------------       End of translation        -----------------------

Location: MAINMEMORY
Action = Loading data from Main Memory  
Block = 6 


----------------------- Step: 022 to 030 || Trace: 2 d -----------------------

-----------------------    Beginning of translation   -----------------------

Location: TLB
Action = load operation - Access Type = hit
Cache Type = Accessing TLB
|---------------------------------------------------------------------------------------|
|                                |                    |   Word  |     Page    |   Byte  |
|               Tag              |         Set        |  OffSet |    OffSet   |  OffSet |
|---------------------------------------------------------------------------------------|
|   00000000000000000000000000110|                 ---|      ---|            1|      XX |
|---------------------------------------------------------------------------------------|
|                         29 bits|              0 bits|   0 bits|       1 bits|   2 bits|
|---------------------------------------------------------------------------------------|

Location: TRANSLATION
Action = Translation Address  - Using = TLB
|----------------------------------------------------|     |----------------------------------------------------|
|                  Virtual Address                   |     |                    Real Address                    |
|----------------------------------------------------|     |----------------------------------------------------|
|        Virtual Page          |PageOffSet|ByteOffSet| --> |           Frame Page         |PageOffSet|ByteOffSet|
|------------------------------|----------|----------|     |-----------------------------------------|----------|
| 00000000000000000000000000110|         1|       XX |     | 00000000000000000000000000011|         1|       XX |
|----------------------------------------------------|     |----------------------------------------------------|


-----------------------       End of translation        -----------------------

Location: MAINMEMORY
Action = Loading data from Main Memory  
Block = 7 


----------------------- Step: 023 to 030 || Trace: 2 3 -----------------------

-----------------------    Beginning of translation   -----------------------

Location: TLB
Action = load operation - Access Type = miss
Cache Type = Accessing TLB
|---------------------------------------------------------------------------------------|
|                                |                    |   Word  |     Page    |   Byte  |
|               Tag              |         Set        |  OffSet |    OffSet   |  OffSet |
|---------------------------------------------------------------------------------------|
|   00000000000000000000000000001|                 ---|      ---|            1|      XX |
|---------------------------------------------------------------------------------------|
|                         29 bits|              0 bits|   0 bits|       1 bits|   2 bits|
|---------------------------------------------------------------------------------------|

Location: PAGETABLE
Action = loading data in the Page Table 
Virtual Page = 0x00000001
Page Fault

----------------------      Beginning of paging        ----------------------

Location: DISK
Action = Loading page from Disk and store page in the aux vector 
|--------------------|       |--------------------|
|     aux vector     |  <--  |    disk    - Page 1|
|--------------------|       |--------------------|
|               xxxxx|       |          0x00000002|
|--------------------|       |--------------------|
|               xxxxx|       |          0x00000003|
|--------------------|       |--------------------|


Location: DISK
Action = Loading page from Main Memory and storing page in Disk 
|--------------------|       |--------------------|
|    disk    - Page 1|  <--  |Main Memory - Page 0|
|--------------------|       |--------------------|
|               xxxxx|       |          0x00000004|
|--------------------|       |--------------------|
|               xxxxx|       |          0x00000005|
|--------------------|       |--------------------|


Location: MAINMEMORY
Action = Store page in the Main Memory 
|--------------------|       |--------------------|
|Main Memory - Page 0|  <--  |     aux vector     |
|--------------------|       |--------------------|
|               xxxxx|       |          0x00000002|
|--------------------|       |--------------------|
|               xxxxx|       |          0x00000003|
|--------------------|       |--------------------|


Location: PAGETABLE
Action = Update the Page Table 
|--------------------|       |--------------------|
|          0x00000001|  <->  |          0x00000002|
|--------------------|       |--------------------|


----------------------         End of paging           ----------------------

Location: TRANSLATION
Action = Translation Address  - Using = Page Table
|----------------------------------------------------|     |----------------------------------------------------|
|                  Virtual Address                   |     |                    Real Address                    |
|----------------------------------------------------|     |----------------------------------------------------|
|        Virtual Page          |PageOffSet|ByteOffSet| --> |           Frame Page         |PageOffSet|ByteOffSet|
|------------------------------|----------|----------|     |-----------------------------------------|----------|
| 00000000000000000000000000001|         1|       XX |     | 00000000000000000000000000000|         1|       XX |
|----------------------------------------------------|     |----------------------------------------------------|


Location: TLB
Action = Store Operation - Access Type = miss
Cache Type = TLB
|---------------------------------------------------------------------------------------|
|                                |                    |   Word  |     Page    |   Byte  |
|               Tag              |         Set        |  OffSet |    OffSet   |  OffSet |
|---------------------------------------------------------------------------------------|
|   00000000000000000000000000001|                 ---|      ---|            1|      XX |
|---------------------------------------------------------------------------------------|
|                         29 bits|              0 bits|   0 bits|       1 bits|   2 bits|
|---------------------------------------------------------------------------------------|

-----------------------       End of translation        -----------------------

Location: MAINMEMORY
Action = Loading data from Main Memory  
Block = 1 


----------------------- Step: 024 to 030 || Trace: 2 e -----------------------

-----------------------    Beginning of translation   -----------------------

Location: TLB
Action = load operation - Access Type = miss
Cache Type = Accessing TLB
|---------------------------------------------------------------------------------------|
|                                |                    |   Word  |     Page    |   Byte  |
|               Tag              |         Set        |  OffSet |    OffSet   |  OffSet |
|---------------------------------------------------------------------------------------|
|   00000000000000000000000000111|                 ---|      ---|            0|      XX |
|---------------------------------------------------------------------------------------|
|                         29 bits|              0 bits|   0 bits|       1 bits|   2 bits|
|---------------------------------------------------------------------------------------|

Location: PAGETABLE
Action = loading data in the Page Table 
Virtual Page = 0x00000007
Page Fault

----------------------      Beginning of paging        ----------------------

Location: DISK
Action = Loading page from Disk and store page in the aux vector 
|--------------------|       |--------------------|
|     aux vector     |  <--  |    disk    - Page 0|
|--------------------|       |--------------------|
|               xxxxx|       |          0x0000000e|
|--------------------|       |--------------------|
|               xxxxx|       |          0x0000000f|
|--------------------|       |--------------------|


Location: DISK
Action = Loading page from Main Memory and storing page in Disk 
|--------------------|       |--------------------|
|    disk    - Page 0|  <--  |Main Memory - Page 1|
|--------------------|       |--------------------|
|               xxxxx|       |          0x00000008|
|--------------------|       |--------------------|
|               xxxxx|       |          0x00000009|
|--------------------|       |--------------------|


Location: MAINMEMORY
Action = Store page in the Main Memory 
|--------------------|       |--------------------|
|Main Memory - Page 1|  <--  |     aux vector     |
|--------------------|       |--------------------|
|               xxxxx|       |          0x0000000e|
|--------------------|       |--------------------|
|               xxxxx|       |          0x0000000f|
|--------------------|       |--------------------|


Location: PAGETABLE
Action = Update the Page Table 
|--------------------|       |--------------------|
|          0x00000007|  <->  |          0x00000004|
|--------------------|       |--------------------|


----------------------         End of paging           ----------------------

Location: TRANSLATION
Action = Translation Address  - Using = Page Table
|----------------------------------------------------|     |----------------------------------------------------|
|                  Virtual Address                   |     |                    Real Address                    |
|----------------------------------------------------|     |----------------------------------------------------|
|        Virtual Page          |PageOffSet|ByteOffSet| --> |           Frame Page         |PageOffSet|ByteOffSet|
|------------------------------|----------|----------|     |-----------------------------------------|----------|
| 00000000000000000000000000111|         0|       XX |     | 00000000000000000000000000001|         0|       XX |
|----------------------------------------------------|     |----------------------------------------------------|


Location: TLB
Action = Store Operation - Access Type = miss
Cache Type = TLB
|---------------------------------------------------------------------------------------|
|                                |                    |   Word  |     Page    |   Byte  |
|               Tag              |         Set        |  OffSet |    OffSet   |  OffSet |
|---------------------------------------------------------------------------------------|
|   00000000000000000000000000111|                 ---|      ---|            0|      XX |
|---------------------------------------------------------------------------------------|
|                         29 bits|              0 bits|   0 bits|       1 bits|   2 bits|
|---------------------------------------------------------------------------------------|

-----------------------       End of translation        -----------------------

Location: MAINMEMORY
Action = Loading data from Main Memory  
Block = 2 


----------------------- Step: 025 to 030 || Trace: 2 f -----------------------

-----------------------    Beginning of translation   -----------------------

Location: TLB
Action = load operation - Access Type = hit
Cache Type = Accessing TLB
|---------------------------------------------------------------------------------------|
|                                |                    |   Word  |     Page    |   Byte  |
|               Tag              |         Set        |  OffSet |    OffSet   |  OffSet |
|---------------------------------------------------------------------------------------|
|   00000000000000000000000000111|                 ---|      ---|            1|      XX |
|---------------------------------------------------------------------------------------|
|                         29 bits|              0 bits|   0 bits|       1 bits|   2 bits|
|---------------------------------------------------------------------------------------|

Location: TRANSLATION
Action = Translation Address  - Using = TLB
|----------------------------------------------------|     |----------------------------------------------------|
|                  Virtual Address                   |     |                    Real Address                    |
|----------------------------------------------------|     |----------------------------------------------------|
|        Virtual Page          |PageOffSet|ByteOffSet| --> |           Frame Page         |PageOffSet|ByteOffSet|
|------------------------------|----------|----------|     |-----------------------------------------|----------|
| 00000000000000000000000000111|         1|       XX |     | 00000000000000000000000000001|         1|       XX |
|----------------------------------------------------|     |----------------------------------------------------|


-----------------------       End of translation        -----------------------

Location: MAINMEMORY
Action = Loading data from Main Memory  
Block = 3 


----------------------- Step: 026 to 030 || Trace: 2 d -----------------------

-----------------------    Beginning of translation   -----------------------

Location: TLB
Action = load operation - Access Type = hit
Cache Type = Accessing TLB
|---------------------------------------------------------------------------------------|
|                                |                    |   Word  |     Page    |   Byte  |
|               Tag              |         Set        |  OffSet |    OffSet   |  OffSet |
|---------------------------------------------------------------------------------------|
|   00000000000000000000000000110|                 ---|      ---|            1|      XX |
|---------------------------------------------------------------------------------------|
|                         29 bits|              0 bits|   0 bits|       1 bits|   2 bits|
|---------------------------------------------------------------------------------------|

Location: TRANSLATION
Action = Translation Address  - Using = TLB
|----------------------------------------------------|     |----------------------------------------------------|
|                  Virtual Address                   |     |                    Real Address                    |
|----------------------------------------------------|     |----------------------------------------------------|
|        Virtual Page          |PageOffSet|ByteOffSet| --> |           Frame Page         |PageOffSet|ByteOffSet|
|------------------------------|----------|----------|     |-----------------------------------------|----------|
| 00000000000000000000000000110|         1|       XX |     | 00000000000000000000000000011|         1|       XX |
|----------------------------------------------------|     |----------------------------------------------------|


-----------------------       End of translation        -----------------------

Location: MAINMEMORY
Action = Loading data from Main Memory  
Block = 7 


----------------------- Step: 027 to 030 || Trace: 2 f -----------------------

-----------------------    Beginning of translation   -----------------------

Location: TLB
Action = load operation - Access Type = hit
Cache Type = Accessing TLB
|---------------------------------------------------------------------------------------|
|                                |                    |   Word  |     Page    |   Byte  |
|               Tag              |         Set        |  OffSet |    OffSet   |  OffSet |
|---------------------------------------------------------------------------------------|
|   00000000000000000000000000111|                 ---|      ---|            1|      XX |
|---------------------------------------------------------------------------------------|
|                         29 bits|              0 bits|   0 bits|       1 bits|   2 bits|
|---------------------------------------------------------------------------------------|

Location: TRANSLATION
Action = Translation Address  - Using = TLB
|----------------------------------------------------|     |----------------------------------------------------|
|                  Virtual Address                   |     |                    Real Address                    |
|----------------------------------------------------|     |----------------------------------------------------|
|        Virtual Page          |PageOffSet|ByteOffSet| --> |           Frame Page         |PageOffSet|ByteOffSet|
|------------------------------|----------|----------|     |-----------------------------------------|----------|
| 00000000000000000000000000111|         1|       XX |     | 00000000000000000000000000001|         1|       XX |
|----------------------------------------------------|     |----------------------------------------------------|


-----------------------       End of translation        -----------------------

Location: MAINMEMORY
Action = Loading data from Main Memory  
Block = 3 


----------------------- Step: 028 to 030 || Trace: 2 4 -----------------------

-----------------------    Beginning of translation   -----------------------

Location: TLB
Action = load operation - Access Type = miss
Cache Type = Accessing TLB
|---------------------------------------------------------------------------------------|
|                                |                    |   Word  |     Page    |   Byte  |
|               Tag              |         Set        |  OffSet |    OffSet   |  OffSet |
|---------------------------------------------------------------------------------------|
|   00000000000000000000000000010|                 ---|      ---|            0|      XX |
|---------------------------------------------------------------------------------------|
|                         29 bits|              0 bits|   0 bits|       1 bits|   2 bits|
|---------------------------------------------------------------------------------------|

Location: PAGETABLE
Action = loading data in the Page Table 
Virtual Page = 0x00000002
Page Fault

----------------------      Beginning of paging        ----------------------

Location: DISK
Action = Loading page from Disk and store page in the aux vector 
|--------------------|       |--------------------|
|     aux vector     |  <--  |    disk    - Page 1|
|--------------------|       |--------------------|
|               xxxxx|       |          0x00000004|
|--------------------|       |--------------------|
|               xxxxx|       |          0x00000005|
|--------------------|       |--------------------|


Location: DISK
Action = Loading page from Main Memory and storing page in Disk 
|--------------------|       |--------------------|
|    disk    - Page 1|  <--  |Main Memory - Page 2|
|--------------------|       |--------------------|
|               xxxxx|       |          0x0000000a|
|--------------------|       |--------------------|
|               xxxxx|       |          0x0000000b|
|--------------------|       |--------------------|


Location: MAINMEMORY
Action = Store page in the Main Memory 
|--------------------|       |--------------------|
|Main Memory - Page 2|  <--  |     aux vector     |
|--------------------|       |--------------------|
|               xxxxx|       |          0x00000004|
|--------------------|       |--------------------|
|               xxxxx|       |          0x00000005|
|--------------------|       |--------------------|


Location: PAGETABLE
Action = Update the Page Table 
|--------------------|       |--------------------|
|          0x00000002|  <->  |          0x00000005|
|--------------------|       |--------------------|


----------------------         End of paging           ----------------------

Location: TRANSLATION
Action = Translation Address  - Using = Page Table
|----------------------------------------------------|     |----------------------------------------------------|
|                  Virtual Address                   |     |                    Real Address                    |
|----------------------------------------------------|     |----------------------------------------------------|
|        Virtual Page          |PageOffSet|ByteOffSet| --> |           Frame Page         |PageOffSet|ByteOffSet|
|------------------------------|----------|----------|     |-----------------------------------------|----------|
| 00000000000000000000000000010|         0|       XX |     | 00000000000000000000000000010|         0|       XX |
|----------------------------------------------------|     |----------------------------------------------------|


Location: TLB
Action = Store Operation - Access Type = miss
Cache Type = TLB
|---------------------------------------------------------------------------------------|
|                                |                    |   Word  |     Page    |   Byte  |
|               Tag              |         Set        |  OffSet |    OffSet   |  OffSet |
|---------------------------------------------------------------------------------------|
|   00000000000000000000000000010|                 ---|      ---|            0|      XX |
|---------------------------------------------------------------------------------------|
|                         29 bits|              0 bits|   0 bits|       1 bits|   2 bits|
|---------------------------------------------------------------------------------------|

-----------------------       End of translation        -----------------------

Location: MAINMEMORY
Action = Loading data from Main Memory  
Block = 4 


----------------------- Step: 029 to 030 || Trace: 2 5 -----------------------

-----------------------    Beginning of translation   -----------------------

Location: TLB
Action = load operation - Access Type = hit
Cache Type = Accessing TLB
|---------------------------------------------------------------------------------------|
|                                |                    |   Word  |     Page    |   Byte  |
|               Tag              |         Set        |  OffSet |    OffSet   |  OffSet |
|---------------------------------------------------------------------------------------|
|   00000000000000000000000000010|                 ---|      ---|            1|      XX |
|---------------------------------------------------------------------------------------|
|                         29 bits|              0 bits|   0 bits|       1 bits|   2 bits|
|---------------------------------------------------------------------------------------|

Location: TRANSLATION
Action = Translation Address  - Using = TLB
|----------------------------------------------------|     |----------------------------------------------------|
|                  Virtual Address                   |     |                    Real Address                    |
|----------------------------------------------------|     |----------------------------------------------------|
|        Virtual Page          |PageOffSet|ByteOffSet| --> |           Frame Page         |PageOffSet|ByteOffSet|
|------------------------------|----------|----------|     |-----------------------------------------|----------|
| 00000000000000000000000000010|         1|       XX |     | 00000000000000000000000000010|         1|       XX |
|----------------------------------------------------|     |----------------------------------------------------|


-----------------------       End of translation        -----------------------

Location: MAINMEMORY
Action = Loading data from Main Memory  
Block = 5 


----------------------- Step: 030 to 030 || Trace: 2 c -----------------------

-----------------------    Beginning of translation   -----------------------

Location: TLB
Action = load operation - Access Type = hit
Cache Type = Accessing TLB
|---------------------------------------------------------------------------------------|
|                                |                    |   Word  |     Page    |   Byte  |
|               Tag              |         Set        |  OffSet |    OffSet   |  OffSet |
|---------------------------------------------------------------------------------------|
|   00000000000000000000000000110|                 ---|      ---|            0|      XX |
|---------------------------------------------------------------------------------------|
|                         29 bits|              0 bits|   0 bits|       1 bits|   2 bits|
|---------------------------------------------------------------------------------------|

Location: TRANSLATION
Action = Translation Address  - Using = TLB
|----------------------------------------------------|     |----------------------------------------------------|
|                  Virtual Address                   |     |                    Real Address                    |
|----------------------------------------------------|     |----------------------------------------------------|
|        Virtual Page          |PageOffSet|ByteOffSet| --> |           Frame Page         |PageOffSet|ByteOffSet|
|------------------------------|----------|----------|     |-----------------------------------------|----------|
| 00000000000000000000000000110|         0|       XX |     | 00000000000000000000000000011|         0|       XX |
|----------------------------------------------------|     |----------------------------------------------------|


-----------------------       End of translation        -----------------------

Location: MAINMEMORY
Action = Loading data from Main Memory  
Block = 6 


------------------------------
---       Statistics       ---
------------------------------

Main Memory
  Read Access: 68
  Read Cycles: 68
  Read Time: 68
  Write Access: 42
  Write Cycles: 84
  Write Time: 84
  Total Access: 110
  Total Time: 152

Disk
  Read Access: 7
  Read Cycles: 70
  Read Time: 7000
  Write Access: 7
  Write Cycles: 140
  Write Time: 14000
  Total Time: 21000

Page Table
  Read Access: 10
  Read Cycles: 10
  Read Time: 10
  Write Access: 14
  Write Cycles: 28
  Write Time: 28
  Total Access: 10
  Page Fault: 7
  Total Time: 38

TLB
  Read Access: 30
  Read Cycles: 30
  Read Time: 30
  Write Access: 10
  Write Cycles: 20
  Write Time: 20
  Total Access: 30
  Total Hit: 20
  Total Miss: 10
  Hit rate: 0.6666667
  Total Time: 50

 Total Time: 21202